Apr 29 19:48:21  [info] $Fatal Error Details = Array
(
    [message] => The site administrator needs to enter a valid 'FROM Email Address' in <a href="/civicrm/admin/domain?action=update&amp;reset=1">Administer CiviCRM &raquo; Communications &raquo; FROM Email Addresses</a>. The email address used may need to be a valid mail account with your email service provider.
    [code] => 
)


Apr 29 19:48:21  [info] $backTrace = #0 /Users/Jan/Google Drive/sites/tarmac/site/sites/all/modules/contrib/civicrm/CRM/Core/Error.php(363): CRM_Core_Error::backtrace("backTrace", TRUE)
#1 /Users/Jan/Google Drive/sites/tarmac/site/sites/all/modules/contrib/civicrm/CRM/Admin/Form/Setting/Smtp.php(109): CRM_Core_Error::fatal("The site administrator needs to enter a valid 'FROM Email Address' in <a href...")
#2 /Users/Jan/Google Drive/sites/tarmac/site/sites/all/modules/contrib/civicrm/CRM/Core/Form.php(345): CRM_Admin_Form_Setting_Smtp->postProcess()
#3 /Users/Jan/Google Drive/sites/tarmac/site/sites/all/modules/contrib/civicrm/CRM/Core/QuickForm/Action/Refresh.php(75): CRM_Core_Form->mainProcess()
#4 /Users/Jan/Google Drive/sites/tarmac/site/sites/all/modules/contrib/civicrm/packages/HTML/QuickForm/Controller.php(203): CRM_Core_QuickForm_Action_Refresh->perform(Object(CRM_Admin_Form_Setting_Smtp), "refresh")
#5 /Users/Jan/Google Drive/sites/tarmac/site/sites/all/modules/contrib/civicrm/packages/HTML/QuickForm/Page.php(103): HTML_QuickForm_Controller->handle(Object(CRM_Admin_Form_Setting_Smtp), "refresh")
#6 /Users/Jan/Google Drive/sites/tarmac/site/sites/all/modules/contrib/civicrm/CRM/Core/Controller.php(353): HTML_QuickForm_Page->handle("refresh")
#7 /Users/Jan/Google Drive/sites/tarmac/site/sites/all/modules/contrib/civicrm/CRM/Utils/Wrapper.php(115): CRM_Core_Controller->run()
#8 /Users/Jan/Google Drive/sites/tarmac/site/sites/all/modules/contrib/civicrm/CRM/Core/Invoke.php(286): CRM_Utils_Wrapper->run("CRM_Admin_Form_Setting_Smtp", "Outbound Email Settings", NULL)
#9 /Users/Jan/Google Drive/sites/tarmac/site/sites/all/modules/contrib/civicrm/CRM/Core/Invoke.php(86): CRM_Core_Invoke::runItem((Array:13))
#10 /Users/Jan/Google Drive/sites/tarmac/site/sites/all/modules/contrib/civicrm/CRM/Core/Invoke.php(54): CRM_Core_Invoke::_invoke((Array:4))
#11 /Users/Jan/Google Drive/sites/tarmac/site/sites/all/modules/contrib/civicrm/drupal/civicrm.module(489): CRM_Core_Invoke::invoke((Array:4))
#12 [internal function](): civicrm_invoke("admin", "setting", "smtp")
#13 /Users/Jan/Google Drive/sites/tarmac/site/includes/menu.inc(519): call_user_func_array("civicrm_invoke", (Array:3))
#14 /Users/Jan/Google Drive/sites/tarmac/site/index.php(21): menu_execute_active_handler()
#15 {main}


Apr 29 19:50:23  [info] Ignoring exception thrown by nullHandler: 10001, Failed to connect to mail.axc.nl:465 [SMTP: Invalid response code received from SMTP server while sending email.  This is often caused by a misconfiguration in Outbound Email settings. Please verify the settings at Administer CiviCRM >> Global Settings >> Outbound Email (SMTP). (code: -1, response: )]

Apr 29 19:50:23  [info] $backTrace = #0 /Users/Jan/Google Drive/sites/tarmac/site/sites/all/modules/contrib/civicrm/CRM/Core/Error.php(908): CRM_Core_Error::backtrace("backTrace", TRUE)
#1 [internal function](): CRM_Core_Error::nullHandler(Object(PEAR_Error))
#2 /Users/Jan/Google Drive/sites/tarmac/site/sites/all/modules/contrib/civicrm/packages/PEAR.php(931): call_user_func((Array:2), Object(PEAR_Error))
#3 /Users/Jan/Google Drive/sites/tarmac/site/sites/all/modules/contrib/civicrm/packages/PEAR.php(566): PEAR_Error->PEAR_Error("Failed to connect to mail.axc.nl:465 [SMTP: Invalid response code received fr...", 10001, 16, (Array:2), NULL)
#4 /Users/Jan/Google Drive/sites/tarmac/site/sites/all/modules/contrib/civicrm/packages/Mail/smtp.php(376): PEAR->raiseError("Failed to connect to mail.axc.nl:465 [SMTP: Invalid response code received fr...", 10001)
#5 /Users/Jan/Google Drive/sites/tarmac/site/sites/all/modules/contrib/civicrm/packages/Mail/smtp.php(255): Mail_smtp->getSMTPObject()
#6 /Users/Jan/Google Drive/sites/tarmac/site/sites/all/modules/contrib/civicrm/CRM/Admin/Form/Setting/Smtp.php(175): Mail_smtp->send("sites@janhendrickx.be", (Array:3), "SMTP settings are correct.")
#7 /Users/Jan/Google Drive/sites/tarmac/site/sites/all/modules/contrib/civicrm/CRM/Core/Form.php(345): CRM_Admin_Form_Setting_Smtp->postProcess()
#8 /Users/Jan/Google Drive/sites/tarmac/site/sites/all/modules/contrib/civicrm/CRM/Core/QuickForm/Action/Refresh.php(75): CRM_Core_Form->mainProcess()
#9 /Users/Jan/Google Drive/sites/tarmac/site/sites/all/modules/contrib/civicrm/packages/HTML/QuickForm/Controller.php(203): CRM_Core_QuickForm_Action_Refresh->perform(Object(CRM_Admin_Form_Setting_Smtp), "refresh")
#10 /Users/Jan/Google Drive/sites/tarmac/site/sites/all/modules/contrib/civicrm/packages/HTML/QuickForm/Page.php(103): HTML_QuickForm_Controller->handle(Object(CRM_Admin_Form_Setting_Smtp), "refresh")
#11 /Users/Jan/Google Drive/sites/tarmac/site/sites/all/modules/contrib/civicrm/CRM/Core/Controller.php(353): HTML_QuickForm_Page->handle("refresh")
#12 /Users/Jan/Google Drive/sites/tarmac/site/sites/all/modules/contrib/civicrm/CRM/Utils/Wrapper.php(115): CRM_Core_Controller->run()
#13 /Users/Jan/Google Drive/sites/tarmac/site/sites/all/modules/contrib/civicrm/CRM/Core/Invoke.php(286): CRM_Utils_Wrapper->run("CRM_Admin_Form_Setting_Smtp", "Outbound Email Settings", NULL)
#14 /Users/Jan/Google Drive/sites/tarmac/site/sites/all/modules/contrib/civicrm/CRM/Core/Invoke.php(86): CRM_Core_Invoke::runItem((Array:13))
#15 /Users/Jan/Google Drive/sites/tarmac/site/sites/all/modules/contrib/civicrm/CRM/Core/Invoke.php(54): CRM_Core_Invoke::_invoke((Array:4))
#16 /Users/Jan/Google Drive/sites/tarmac/site/sites/all/modules/contrib/civicrm/drupal/civicrm.module(489): CRM_Core_Invoke::invoke((Array:4))
#17 [internal function](): civicrm_invoke("admin", "setting", "smtp")
#18 /Users/Jan/Google Drive/sites/tarmac/site/includes/menu.inc(519): call_user_func_array("civicrm_invoke", (Array:3))
#19 /Users/Jan/Google Drive/sites/tarmac/site/index.php(21): menu_execute_active_handler()
#20 {main}


Apr 29 20:01:35  [info] Ignoring exception thrown by nullHandler: 61, Connection refused

Apr 29 20:01:35  [info] $backTrace = #0 /Users/Jan/Google Drive/sites/tarmac/site/sites/all/modules/contrib/civicrm/CRM/Core/Error.php(908): CRM_Core_Error::backtrace("backTrace", TRUE)
#1 [internal function](): CRM_Core_Error::nullHandler(Object(PEAR_Error))
#2 /Users/Jan/Google Drive/sites/tarmac/site/sites/all/modules/contrib/civicrm/packages/PEAR.php(931): call_user_func((Array:2), Object(PEAR_Error))
#3 /Users/Jan/Google Drive/sites/tarmac/site/sites/all/modules/contrib/civicrm/packages/PEAR.php(566): PEAR_Error->PEAR_Error("Connection refused", 61, 16, (Array:2), NULL)
#4 /Users/Jan/Google Drive/sites/tarmac/site/sites/all/modules/contrib/civicrm/packages/Net/Socket.php(156): PEAR->raiseError("Connection refused", 61)
#5 /Users/Jan/Google Drive/sites/tarmac/site/sites/all/modules/contrib/civicrm/packages/Net/SMTP.php(451): Net_Socket->connect("mail.axc.nl", "25", FALSE, 30, NULL)
#6 /Users/Jan/Google Drive/sites/tarmac/site/sites/all/modules/contrib/civicrm/packages/Mail/smtp.php(372): Net_SMTP->connect(30)
#7 /Users/Jan/Google Drive/sites/tarmac/site/sites/all/modules/contrib/civicrm/packages/Mail/smtp.php(255): Mail_smtp->getSMTPObject()
#8 /Users/Jan/Google Drive/sites/tarmac/site/sites/all/modules/contrib/civicrm/CRM/Admin/Form/Setting/Smtp.php(175): Mail_smtp->send("sites@janhendrickx.be", (Array:3), "SMTP settings are correct.")
#9 /Users/Jan/Google Drive/sites/tarmac/site/sites/all/modules/contrib/civicrm/CRM/Core/Form.php(345): CRM_Admin_Form_Setting_Smtp->postProcess()
#10 /Users/Jan/Google Drive/sites/tarmac/site/sites/all/modules/contrib/civicrm/CRM/Core/QuickForm/Action/Refresh.php(75): CRM_Core_Form->mainProcess()
#11 /Users/Jan/Google Drive/sites/tarmac/site/sites/all/modules/contrib/civicrm/packages/HTML/QuickForm/Controller.php(203): CRM_Core_QuickForm_Action_Refresh->perform(Object(CRM_Admin_Form_Setting_Smtp), "refresh")
#12 /Users/Jan/Google Drive/sites/tarmac/site/sites/all/modules/contrib/civicrm/packages/HTML/QuickForm/Page.php(103): HTML_QuickForm_Controller->handle(Object(CRM_Admin_Form_Setting_Smtp), "refresh")
#13 /Users/Jan/Google Drive/sites/tarmac/site/sites/all/modules/contrib/civicrm/CRM/Core/Controller.php(353): HTML_QuickForm_Page->handle("refresh")
#14 /Users/Jan/Google Drive/sites/tarmac/site/sites/all/modules/contrib/civicrm/CRM/Utils/Wrapper.php(115): CRM_Core_Controller->run()
#15 /Users/Jan/Google Drive/sites/tarmac/site/sites/all/modules/contrib/civicrm/CRM/Core/Invoke.php(286): CRM_Utils_Wrapper->run("CRM_Admin_Form_Setting_Smtp", "Outbound Email Settings", NULL)
#16 /Users/Jan/Google Drive/sites/tarmac/site/sites/all/modules/contrib/civicrm/CRM/Core/Invoke.php(86): CRM_Core_Invoke::runItem((Array:13))
#17 /Users/Jan/Google Drive/sites/tarmac/site/sites/all/modules/contrib/civicrm/CRM/Core/Invoke.php(54): CRM_Core_Invoke::_invoke((Array:4))
#18 /Users/Jan/Google Drive/sites/tarmac/site/sites/all/modules/contrib/civicrm/drupal/civicrm.module(489): CRM_Core_Invoke::invoke((Array:4))
#19 [internal function](): civicrm_invoke("admin", "setting", "smtp")
#20 /Users/Jan/Google Drive/sites/tarmac/site/includes/menu.inc(519): call_user_func_array("civicrm_invoke", (Array:3))
#21 /Users/Jan/Google Drive/sites/tarmac/site/index.php(21): menu_execute_active_handler()
#22 {main}


Apr 29 20:01:35  [info] Ignoring exception thrown by nullHandler: , Failed to connect socket: Connection refused

Apr 29 20:01:35  [info] $backTrace = #0 /Users/Jan/Google Drive/sites/tarmac/site/sites/all/modules/contrib/civicrm/CRM/Core/Error.php(908): CRM_Core_Error::backtrace("backTrace", TRUE)
#1 [internal function](): CRM_Core_Error::nullHandler(Object(PEAR_Error))
#2 /Users/Jan/Google Drive/sites/tarmac/site/sites/all/modules/contrib/civicrm/packages/PEAR.php(931): call_user_func((Array:2), Object(PEAR_Error))
#3 /Users/Jan/Google Drive/sites/tarmac/site/sites/all/modules/contrib/civicrm/packages/PEAR.php(566): PEAR_Error->PEAR_Error("Failed to connect socket: Connection refused", NULL, 16, (Array:2), NULL)
#4 /Users/Jan/Google Drive/sites/tarmac/site/sites/all/modules/contrib/civicrm/packages/Net/SMTP.php(454): PEAR->raiseError("Failed to connect socket: Connection refused")
#5 /Users/Jan/Google Drive/sites/tarmac/site/sites/all/modules/contrib/civicrm/packages/Mail/smtp.php(372): Net_SMTP->connect(30)
#6 /Users/Jan/Google Drive/sites/tarmac/site/sites/all/modules/contrib/civicrm/packages/Mail/smtp.php(255): Mail_smtp->getSMTPObject()
#7 /Users/Jan/Google Drive/sites/tarmac/site/sites/all/modules/contrib/civicrm/CRM/Admin/Form/Setting/Smtp.php(175): Mail_smtp->send("sites@janhendrickx.be", (Array:3), "SMTP settings are correct.")
#8 /Users/Jan/Google Drive/sites/tarmac/site/sites/all/modules/contrib/civicrm/CRM/Core/Form.php(345): CRM_Admin_Form_Setting_Smtp->postProcess()
#9 /Users/Jan/Google Drive/sites/tarmac/site/sites/all/modules/contrib/civicrm/CRM/Core/QuickForm/Action/Refresh.php(75): CRM_Core_Form->mainProcess()
#10 /Users/Jan/Google Drive/sites/tarmac/site/sites/all/modules/contrib/civicrm/packages/HTML/QuickForm/Controller.php(203): CRM_Core_QuickForm_Action_Refresh->perform(Object(CRM_Admin_Form_Setting_Smtp), "refresh")
#11 /Users/Jan/Google Drive/sites/tarmac/site/sites/all/modules/contrib/civicrm/packages/HTML/QuickForm/Page.php(103): HTML_QuickForm_Controller->handle(Object(CRM_Admin_Form_Setting_Smtp), "refresh")
#12 /Users/Jan/Google Drive/sites/tarmac/site/sites/all/modules/contrib/civicrm/CRM/Core/Controller.php(353): HTML_QuickForm_Page->handle("refresh")
#13 /Users/Jan/Google Drive/sites/tarmac/site/sites/all/modules/contrib/civicrm/CRM/Utils/Wrapper.php(115): CRM_Core_Controller->run()
#14 /Users/Jan/Google Drive/sites/tarmac/site/sites/all/modules/contrib/civicrm/CRM/Core/Invoke.php(286): CRM_Utils_Wrapper->run("CRM_Admin_Form_Setting_Smtp", "Outbound Email Settings", NULL)
#15 /Users/Jan/Google Drive/sites/tarmac/site/sites/all/modules/contrib/civicrm/CRM/Core/Invoke.php(86): CRM_Core_Invoke::runItem((Array:13))
#16 /Users/Jan/Google Drive/sites/tarmac/site/sites/all/modules/contrib/civicrm/CRM/Core/Invoke.php(54): CRM_Core_Invoke::_invoke((Array:4))
#17 /Users/Jan/Google Drive/sites/tarmac/site/sites/all/modules/contrib/civicrm/drupal/civicrm.module(489): CRM_Core_Invoke::invoke((Array:4))
#18 [internal function](): civicrm_invoke("admin", "setting", "smtp")
#19 /Users/Jan/Google Drive/sites/tarmac/site/includes/menu.inc(519): call_user_func_array("civicrm_invoke", (Array:3))
#20 /Users/Jan/Google Drive/sites/tarmac/site/index.php(21): menu_execute_active_handler()
#21 {main}


Apr 29 20:01:35  [info] Ignoring exception thrown by nullHandler: 10001, Failed to connect to mail.axc.nl:25 [SMTP: Failed to connect socket: Connection refused (code: -1, response: )]

Apr 29 20:01:35  [info] $backTrace = #0 /Users/Jan/Google Drive/sites/tarmac/site/sites/all/modules/contrib/civicrm/CRM/Core/Error.php(908): CRM_Core_Error::backtrace("backTrace", TRUE)
#1 [internal function](): CRM_Core_Error::nullHandler(Object(PEAR_Error))
#2 /Users/Jan/Google Drive/sites/tarmac/site/sites/all/modules/contrib/civicrm/packages/PEAR.php(931): call_user_func((Array:2), Object(PEAR_Error))
#3 /Users/Jan/Google Drive/sites/tarmac/site/sites/all/modules/contrib/civicrm/packages/PEAR.php(566): PEAR_Error->PEAR_Error("Failed to connect to mail.axc.nl:25 [SMTP: Failed to connect socket: Connecti...", 10001, 16, (Array:2), NULL)
#4 /Users/Jan/Google Drive/sites/tarmac/site/sites/all/modules/contrib/civicrm/packages/Mail/smtp.php(376): PEAR->raiseError("Failed to connect to mail.axc.nl:25 [SMTP: Failed to connect socket: Connecti...", 10001)
#5 /Users/Jan/Google Drive/sites/tarmac/site/sites/all/modules/contrib/civicrm/packages/Mail/smtp.php(255): Mail_smtp->getSMTPObject()
#6 /Users/Jan/Google Drive/sites/tarmac/site/sites/all/modules/contrib/civicrm/CRM/Admin/Form/Setting/Smtp.php(175): Mail_smtp->send("sites@janhendrickx.be", (Array:3), "SMTP settings are correct.")
#7 /Users/Jan/Google Drive/sites/tarmac/site/sites/all/modules/contrib/civicrm/CRM/Core/Form.php(345): CRM_Admin_Form_Setting_Smtp->postProcess()
#8 /Users/Jan/Google Drive/sites/tarmac/site/sites/all/modules/contrib/civicrm/CRM/Core/QuickForm/Action/Refresh.php(75): CRM_Core_Form->mainProcess()
#9 /Users/Jan/Google Drive/sites/tarmac/site/sites/all/modules/contrib/civicrm/packages/HTML/QuickForm/Controller.php(203): CRM_Core_QuickForm_Action_Refresh->perform(Object(CRM_Admin_Form_Setting_Smtp), "refresh")
#10 /Users/Jan/Google Drive/sites/tarmac/site/sites/all/modules/contrib/civicrm/packages/HTML/QuickForm/Page.php(103): HTML_QuickForm_Controller->handle(Object(CRM_Admin_Form_Setting_Smtp), "refresh")
#11 /Users/Jan/Google Drive/sites/tarmac/site/sites/all/modules/contrib/civicrm/CRM/Core/Controller.php(353): HTML_QuickForm_Page->handle("refresh")
#12 /Users/Jan/Google Drive/sites/tarmac/site/sites/all/modules/contrib/civicrm/CRM/Utils/Wrapper.php(115): CRM_Core_Controller->run()
#13 /Users/Jan/Google Drive/sites/tarmac/site/sites/all/modules/contrib/civicrm/CRM/Core/Invoke.php(286): CRM_Utils_Wrapper->run("CRM_Admin_Form_Setting_Smtp", "Outbound Email Settings", NULL)
#14 /Users/Jan/Google Drive/sites/tarmac/site/sites/all/modules/contrib/civicrm/CRM/Core/Invoke.php(86): CRM_Core_Invoke::runItem((Array:13))
#15 /Users/Jan/Google Drive/sites/tarmac/site/sites/all/modules/contrib/civicrm/CRM/Core/Invoke.php(54): CRM_Core_Invoke::_invoke((Array:4))
#16 /Users/Jan/Google Drive/sites/tarmac/site/sites/all/modules/contrib/civicrm/drupal/civicrm.module(489): CRM_Core_Invoke::invoke((Array:4))
#17 [internal function](): civicrm_invoke("admin", "setting", "smtp")
#18 /Users/Jan/Google Drive/sites/tarmac/site/includes/menu.inc(519): call_user_func_array("civicrm_invoke", (Array:3))
#19 /Users/Jan/Google Drive/sites/tarmac/site/index.php(21): menu_execute_active_handler()
#20 {main}


Apr 29 20:01:35  [info] $Fatal Error Details = Array
(
    [callback] => Array
        (
            [0] => CRM_Core_Error
            [1] => handle
        )

    [code] => 
    [message] => not connected
    [mode] => 16
    [debug_info] => 
    [type] => PEAR_Error
    [user_info] => 
    [to_string] => [pear_error: message="not connected" code=0 mode=callback callback=CRM_Core_Error::handle prefix="" info=""]
)


Apr 29 20:01:35  [info] $backTrace = #0 /Users/Jan/Google Drive/sites/tarmac/site/sites/all/modules/contrib/civicrm/CRM/Core/Error.php(235): CRM_Core_Error::backtrace("backTrace", TRUE)
#1 [internal function](): CRM_Core_Error::handle(Object(PEAR_Error))
#2 /Users/Jan/Google Drive/sites/tarmac/site/sites/all/modules/contrib/civicrm/packages/PEAR.php(931): call_user_func((Array:2), Object(PEAR_Error))
#3 /Users/Jan/Google Drive/sites/tarmac/site/sites/all/modules/contrib/civicrm/packages/PEAR.php(566): PEAR_Error->PEAR_Error("not connected", NULL, 16, (Array:2), NULL)
#4 /Users/Jan/Google Drive/sites/tarmac/site/sites/all/modules/contrib/civicrm/packages/Net/Socket.php(327): PEAR->raiseError("not connected")
#5 /Users/Jan/Google Drive/sites/tarmac/site/sites/all/modules/contrib/civicrm/packages/Net/SMTP.php(264): Net_Socket->write("QUIT\r\n")
#6 /Users/Jan/Google Drive/sites/tarmac/site/sites/all/modules/contrib/civicrm/packages/Net/SMTP.php(302): Net_SMTP->_send("QUIT\r\n")
#7 /Users/Jan/Google Drive/sites/tarmac/site/sites/all/modules/contrib/civicrm/packages/Net/SMTP.php(493): Net_SMTP->_put("QUIT")
#8 /Users/Jan/Google Drive/sites/tarmac/site/sites/all/modules/contrib/civicrm/packages/Mail/smtp.php(421): Net_SMTP->disconnect()
#9 /Users/Jan/Google Drive/sites/tarmac/site/sites/all/modules/contrib/civicrm/packages/Mail/smtp.php(218): Mail_smtp->disconnect()
#10 [internal function](): Mail_smtp->_Mail_smtp()
#11 {main}


Apr 29 20:01:57  [info] Ignoring exception thrown by nullHandler: 61, Connection refused

Apr 29 20:01:57  [info] $backTrace = #0 /Users/Jan/Google Drive/sites/tarmac/site/sites/all/modules/contrib/civicrm/CRM/Core/Error.php(908): CRM_Core_Error::backtrace("backTrace", TRUE)
#1 [internal function](): CRM_Core_Error::nullHandler(Object(PEAR_Error))
#2 /Users/Jan/Google Drive/sites/tarmac/site/sites/all/modules/contrib/civicrm/packages/PEAR.php(931): call_user_func((Array:2), Object(PEAR_Error))
#3 /Users/Jan/Google Drive/sites/tarmac/site/sites/all/modules/contrib/civicrm/packages/PEAR.php(566): PEAR_Error->PEAR_Error("Connection refused", 61, 16, (Array:2), NULL)
#4 /Users/Jan/Google Drive/sites/tarmac/site/sites/all/modules/contrib/civicrm/packages/Net/Socket.php(156): PEAR->raiseError("Connection refused", 61)
#5 /Users/Jan/Google Drive/sites/tarmac/site/sites/all/modules/contrib/civicrm/packages/Net/SMTP.php(451): Net_Socket->connect("mail.axc.nl", "25", FALSE, 30, NULL)
#6 /Users/Jan/Google Drive/sites/tarmac/site/sites/all/modules/contrib/civicrm/packages/Mail/smtp.php(372): Net_SMTP->connect(30)
#7 /Users/Jan/Google Drive/sites/tarmac/site/sites/all/modules/contrib/civicrm/packages/Mail/smtp.php(255): Mail_smtp->getSMTPObject()
#8 /Users/Jan/Google Drive/sites/tarmac/site/sites/all/modules/contrib/civicrm/CRM/Admin/Form/Setting/Smtp.php(175): Mail_smtp->send("sites@janhendrickx.be", (Array:3), "SMTP settings are correct.")
#9 /Users/Jan/Google Drive/sites/tarmac/site/sites/all/modules/contrib/civicrm/CRM/Core/Form.php(345): CRM_Admin_Form_Setting_Smtp->postProcess()
#10 /Users/Jan/Google Drive/sites/tarmac/site/sites/all/modules/contrib/civicrm/CRM/Core/QuickForm/Action/Refresh.php(75): CRM_Core_Form->mainProcess()
#11 /Users/Jan/Google Drive/sites/tarmac/site/sites/all/modules/contrib/civicrm/packages/HTML/QuickForm/Controller.php(203): CRM_Core_QuickForm_Action_Refresh->perform(Object(CRM_Admin_Form_Setting_Smtp), "refresh")
#12 /Users/Jan/Google Drive/sites/tarmac/site/sites/all/modules/contrib/civicrm/packages/HTML/QuickForm/Page.php(103): HTML_QuickForm_Controller->handle(Object(CRM_Admin_Form_Setting_Smtp), "refresh")
#13 /Users/Jan/Google Drive/sites/tarmac/site/sites/all/modules/contrib/civicrm/CRM/Core/Controller.php(353): HTML_QuickForm_Page->handle("refresh")
#14 /Users/Jan/Google Drive/sites/tarmac/site/sites/all/modules/contrib/civicrm/CRM/Utils/Wrapper.php(115): CRM_Core_Controller->run()
#15 /Users/Jan/Google Drive/sites/tarmac/site/sites/all/modules/contrib/civicrm/CRM/Core/Invoke.php(286): CRM_Utils_Wrapper->run("CRM_Admin_Form_Setting_Smtp", "Outbound Email Settings", NULL)
#16 /Users/Jan/Google Drive/sites/tarmac/site/sites/all/modules/contrib/civicrm/CRM/Core/Invoke.php(86): CRM_Core_Invoke::runItem((Array:13))
#17 /Users/Jan/Google Drive/sites/tarmac/site/sites/all/modules/contrib/civicrm/CRM/Core/Invoke.php(54): CRM_Core_Invoke::_invoke((Array:4))
#18 /Users/Jan/Google Drive/sites/tarmac/site/sites/all/modules/contrib/civicrm/drupal/civicrm.module(489): CRM_Core_Invoke::invoke((Array:4))
#19 [internal function](): civicrm_invoke("admin", "setting", "smtp")
#20 /Users/Jan/Google Drive/sites/tarmac/site/includes/menu.inc(519): call_user_func_array("civicrm_invoke", (Array:3))
#21 /Users/Jan/Google Drive/sites/tarmac/site/index.php(21): menu_execute_active_handler()
#22 {main}


Apr 29 20:01:57  [info] Ignoring exception thrown by nullHandler: , Failed to connect socket: Connection refused

Apr 29 20:01:57  [info] $backTrace = #0 /Users/Jan/Google Drive/sites/tarmac/site/sites/all/modules/contrib/civicrm/CRM/Core/Error.php(908): CRM_Core_Error::backtrace("backTrace", TRUE)
#1 [internal function](): CRM_Core_Error::nullHandler(Object(PEAR_Error))
#2 /Users/Jan/Google Drive/sites/tarmac/site/sites/all/modules/contrib/civicrm/packages/PEAR.php(931): call_user_func((Array:2), Object(PEAR_Error))
#3 /Users/Jan/Google Drive/sites/tarmac/site/sites/all/modules/contrib/civicrm/packages/PEAR.php(566): PEAR_Error->PEAR_Error("Failed to connect socket: Connection refused", NULL, 16, (Array:2), NULL)
#4 /Users/Jan/Google Drive/sites/tarmac/site/sites/all/modules/contrib/civicrm/packages/Net/SMTP.php(454): PEAR->raiseError("Failed to connect socket: Connection refused")
#5 /Users/Jan/Google Drive/sites/tarmac/site/sites/all/modules/contrib/civicrm/packages/Mail/smtp.php(372): Net_SMTP->connect(30)
#6 /Users/Jan/Google Drive/sites/tarmac/site/sites/all/modules/contrib/civicrm/packages/Mail/smtp.php(255): Mail_smtp->getSMTPObject()
#7 /Users/Jan/Google Drive/sites/tarmac/site/sites/all/modules/contrib/civicrm/CRM/Admin/Form/Setting/Smtp.php(175): Mail_smtp->send("sites@janhendrickx.be", (Array:3), "SMTP settings are correct.")
#8 /Users/Jan/Google Drive/sites/tarmac/site/sites/all/modules/contrib/civicrm/CRM/Core/Form.php(345): CRM_Admin_Form_Setting_Smtp->postProcess()
#9 /Users/Jan/Google Drive/sites/tarmac/site/sites/all/modules/contrib/civicrm/CRM/Core/QuickForm/Action/Refresh.php(75): CRM_Core_Form->mainProcess()
#10 /Users/Jan/Google Drive/sites/tarmac/site/sites/all/modules/contrib/civicrm/packages/HTML/QuickForm/Controller.php(203): CRM_Core_QuickForm_Action_Refresh->perform(Object(CRM_Admin_Form_Setting_Smtp), "refresh")
#11 /Users/Jan/Google Drive/sites/tarmac/site/sites/all/modules/contrib/civicrm/packages/HTML/QuickForm/Page.php(103): HTML_QuickForm_Controller->handle(Object(CRM_Admin_Form_Setting_Smtp), "refresh")
#12 /Users/Jan/Google Drive/sites/tarmac/site/sites/all/modules/contrib/civicrm/CRM/Core/Controller.php(353): HTML_QuickForm_Page->handle("refresh")
#13 /Users/Jan/Google Drive/sites/tarmac/site/sites/all/modules/contrib/civicrm/CRM/Utils/Wrapper.php(115): CRM_Core_Controller->run()
#14 /Users/Jan/Google Drive/sites/tarmac/site/sites/all/modules/contrib/civicrm/CRM/Core/Invoke.php(286): CRM_Utils_Wrapper->run("CRM_Admin_Form_Setting_Smtp", "Outbound Email Settings", NULL)
#15 /Users/Jan/Google Drive/sites/tarmac/site/sites/all/modules/contrib/civicrm/CRM/Core/Invoke.php(86): CRM_Core_Invoke::runItem((Array:13))
#16 /Users/Jan/Google Drive/sites/tarmac/site/sites/all/modules/contrib/civicrm/CRM/Core/Invoke.php(54): CRM_Core_Invoke::_invoke((Array:4))
#17 /Users/Jan/Google Drive/sites/tarmac/site/sites/all/modules/contrib/civicrm/drupal/civicrm.module(489): CRM_Core_Invoke::invoke((Array:4))
#18 [internal function](): civicrm_invoke("admin", "setting", "smtp")
#19 /Users/Jan/Google Drive/sites/tarmac/site/includes/menu.inc(519): call_user_func_array("civicrm_invoke", (Array:3))
#20 /Users/Jan/Google Drive/sites/tarmac/site/index.php(21): menu_execute_active_handler()
#21 {main}


Apr 29 20:01:57  [info] Ignoring exception thrown by nullHandler: 10001, Failed to connect to mail.axc.nl:25 [SMTP: Failed to connect socket: Connection refused (code: -1, response: )]

Apr 29 20:01:57  [info] $backTrace = #0 /Users/Jan/Google Drive/sites/tarmac/site/sites/all/modules/contrib/civicrm/CRM/Core/Error.php(908): CRM_Core_Error::backtrace("backTrace", TRUE)
#1 [internal function](): CRM_Core_Error::nullHandler(Object(PEAR_Error))
#2 /Users/Jan/Google Drive/sites/tarmac/site/sites/all/modules/contrib/civicrm/packages/PEAR.php(931): call_user_func((Array:2), Object(PEAR_Error))
#3 /Users/Jan/Google Drive/sites/tarmac/site/sites/all/modules/contrib/civicrm/packages/PEAR.php(566): PEAR_Error->PEAR_Error("Failed to connect to mail.axc.nl:25 [SMTP: Failed to connect socket: Connecti...", 10001, 16, (Array:2), NULL)
#4 /Users/Jan/Google Drive/sites/tarmac/site/sites/all/modules/contrib/civicrm/packages/Mail/smtp.php(376): PEAR->raiseError("Failed to connect to mail.axc.nl:25 [SMTP: Failed to connect socket: Connecti...", 10001)
#5 /Users/Jan/Google Drive/sites/tarmac/site/sites/all/modules/contrib/civicrm/packages/Mail/smtp.php(255): Mail_smtp->getSMTPObject()
#6 /Users/Jan/Google Drive/sites/tarmac/site/sites/all/modules/contrib/civicrm/CRM/Admin/Form/Setting/Smtp.php(175): Mail_smtp->send("sites@janhendrickx.be", (Array:3), "SMTP settings are correct.")
#7 /Users/Jan/Google Drive/sites/tarmac/site/sites/all/modules/contrib/civicrm/CRM/Core/Form.php(345): CRM_Admin_Form_Setting_Smtp->postProcess()
#8 /Users/Jan/Google Drive/sites/tarmac/site/sites/all/modules/contrib/civicrm/CRM/Core/QuickForm/Action/Refresh.php(75): CRM_Core_Form->mainProcess()
#9 /Users/Jan/Google Drive/sites/tarmac/site/sites/all/modules/contrib/civicrm/packages/HTML/QuickForm/Controller.php(203): CRM_Core_QuickForm_Action_Refresh->perform(Object(CRM_Admin_Form_Setting_Smtp), "refresh")
#10 /Users/Jan/Google Drive/sites/tarmac/site/sites/all/modules/contrib/civicrm/packages/HTML/QuickForm/Page.php(103): HTML_QuickForm_Controller->handle(Object(CRM_Admin_Form_Setting_Smtp), "refresh")
#11 /Users/Jan/Google Drive/sites/tarmac/site/sites/all/modules/contrib/civicrm/CRM/Core/Controller.php(353): HTML_QuickForm_Page->handle("refresh")
#12 /Users/Jan/Google Drive/sites/tarmac/site/sites/all/modules/contrib/civicrm/CRM/Utils/Wrapper.php(115): CRM_Core_Controller->run()
#13 /Users/Jan/Google Drive/sites/tarmac/site/sites/all/modules/contrib/civicrm/CRM/Core/Invoke.php(286): CRM_Utils_Wrapper->run("CRM_Admin_Form_Setting_Smtp", "Outbound Email Settings", NULL)
#14 /Users/Jan/Google Drive/sites/tarmac/site/sites/all/modules/contrib/civicrm/CRM/Core/Invoke.php(86): CRM_Core_Invoke::runItem((Array:13))
#15 /Users/Jan/Google Drive/sites/tarmac/site/sites/all/modules/contrib/civicrm/CRM/Core/Invoke.php(54): CRM_Core_Invoke::_invoke((Array:4))
#16 /Users/Jan/Google Drive/sites/tarmac/site/sites/all/modules/contrib/civicrm/drupal/civicrm.module(489): CRM_Core_Invoke::invoke((Array:4))
#17 [internal function](): civicrm_invoke("admin", "setting", "smtp")
#18 /Users/Jan/Google Drive/sites/tarmac/site/includes/menu.inc(519): call_user_func_array("civicrm_invoke", (Array:3))
#19 /Users/Jan/Google Drive/sites/tarmac/site/index.php(21): menu_execute_active_handler()
#20 {main}


Apr 29 20:01:57  [info] $Fatal Error Details = Array
(
    [callback] => Array
        (
            [0] => CRM_Core_Error
            [1] => handle
        )

    [code] => 
    [message] => not connected
    [mode] => 16
    [debug_info] => 
    [type] => PEAR_Error
    [user_info] => 
    [to_string] => [pear_error: message="not connected" code=0 mode=callback callback=CRM_Core_Error::handle prefix="" info=""]
)


Apr 29 20:01:57  [info] $backTrace = #0 /Users/Jan/Google Drive/sites/tarmac/site/sites/all/modules/contrib/civicrm/CRM/Core/Error.php(235): CRM_Core_Error::backtrace("backTrace", TRUE)
#1 [internal function](): CRM_Core_Error::handle(Object(PEAR_Error))
#2 /Users/Jan/Google Drive/sites/tarmac/site/sites/all/modules/contrib/civicrm/packages/PEAR.php(931): call_user_func((Array:2), Object(PEAR_Error))
#3 /Users/Jan/Google Drive/sites/tarmac/site/sites/all/modules/contrib/civicrm/packages/PEAR.php(566): PEAR_Error->PEAR_Error("not connected", NULL, 16, (Array:2), NULL)
#4 /Users/Jan/Google Drive/sites/tarmac/site/sites/all/modules/contrib/civicrm/packages/Net/Socket.php(327): PEAR->raiseError("not connected")
#5 /Users/Jan/Google Drive/sites/tarmac/site/sites/all/modules/contrib/civicrm/packages/Net/SMTP.php(264): Net_Socket->write("QUIT\r\n")
#6 /Users/Jan/Google Drive/sites/tarmac/site/sites/all/modules/contrib/civicrm/packages/Net/SMTP.php(302): Net_SMTP->_send("QUIT\r\n")
#7 /Users/Jan/Google Drive/sites/tarmac/site/sites/all/modules/contrib/civicrm/packages/Net/SMTP.php(493): Net_SMTP->_put("QUIT")
#8 /Users/Jan/Google Drive/sites/tarmac/site/sites/all/modules/contrib/civicrm/packages/Mail/smtp.php(421): Net_SMTP->disconnect()
#9 /Users/Jan/Google Drive/sites/tarmac/site/sites/all/modules/contrib/civicrm/packages/Mail/smtp.php(218): Mail_smtp->disconnect()
#10 [internal function](): Mail_smtp->_Mail_smtp()
#11 {main}


Apr 29 20:03:10  [info] Ignoring exception thrown by nullHandler: 10001, Failed to connect to mail.axc.nl:465 [SMTP: Invalid response code received from SMTP server while sending email.  This is often caused by a misconfiguration in Outbound Email settings. Please verify the settings at Administer CiviCRM >> Global Settings >> Outbound Email (SMTP). (code: -1, response: )]

Apr 29 20:03:10  [info] $backTrace = #0 /Users/Jan/Google Drive/sites/tarmac/site/sites/all/modules/contrib/civicrm/CRM/Core/Error.php(908): CRM_Core_Error::backtrace("backTrace", TRUE)
#1 [internal function](): CRM_Core_Error::nullHandler(Object(PEAR_Error))
#2 /Users/Jan/Google Drive/sites/tarmac/site/sites/all/modules/contrib/civicrm/packages/PEAR.php(931): call_user_func((Array:2), Object(PEAR_Error))
#3 /Users/Jan/Google Drive/sites/tarmac/site/sites/all/modules/contrib/civicrm/packages/PEAR.php(566): PEAR_Error->PEAR_Error("Failed to connect to mail.axc.nl:465 [SMTP: Invalid response code received fr...", 10001, 16, (Array:2), NULL)
#4 /Users/Jan/Google Drive/sites/tarmac/site/sites/all/modules/contrib/civicrm/packages/Mail/smtp.php(376): PEAR->raiseError("Failed to connect to mail.axc.nl:465 [SMTP: Invalid response code received fr...", 10001)
#5 /Users/Jan/Google Drive/sites/tarmac/site/sites/all/modules/contrib/civicrm/packages/Mail/smtp.php(255): Mail_smtp->getSMTPObject()
#6 /Users/Jan/Google Drive/sites/tarmac/site/sites/all/modules/contrib/civicrm/CRM/Admin/Form/Setting/Smtp.php(175): Mail_smtp->send("sites@janhendrickx.be", (Array:3), "SMTP settings are correct.")
#7 /Users/Jan/Google Drive/sites/tarmac/site/sites/all/modules/contrib/civicrm/CRM/Core/Form.php(345): CRM_Admin_Form_Setting_Smtp->postProcess()
#8 /Users/Jan/Google Drive/sites/tarmac/site/sites/all/modules/contrib/civicrm/CRM/Core/QuickForm/Action/Refresh.php(75): CRM_Core_Form->mainProcess()
#9 /Users/Jan/Google Drive/sites/tarmac/site/sites/all/modules/contrib/civicrm/packages/HTML/QuickForm/Controller.php(203): CRM_Core_QuickForm_Action_Refresh->perform(Object(CRM_Admin_Form_Setting_Smtp), "refresh")
#10 /Users/Jan/Google Drive/sites/tarmac/site/sites/all/modules/contrib/civicrm/packages/HTML/QuickForm/Page.php(103): HTML_QuickForm_Controller->handle(Object(CRM_Admin_Form_Setting_Smtp), "refresh")
#11 /Users/Jan/Google Drive/sites/tarmac/site/sites/all/modules/contrib/civicrm/CRM/Core/Controller.php(353): HTML_QuickForm_Page->handle("refresh")
#12 /Users/Jan/Google Drive/sites/tarmac/site/sites/all/modules/contrib/civicrm/CRM/Utils/Wrapper.php(115): CRM_Core_Controller->run()
#13 /Users/Jan/Google Drive/sites/tarmac/site/sites/all/modules/contrib/civicrm/CRM/Core/Invoke.php(286): CRM_Utils_Wrapper->run("CRM_Admin_Form_Setting_Smtp", "Outbound Email Settings", NULL)
#14 /Users/Jan/Google Drive/sites/tarmac/site/sites/all/modules/contrib/civicrm/CRM/Core/Invoke.php(86): CRM_Core_Invoke::runItem((Array:13))
#15 /Users/Jan/Google Drive/sites/tarmac/site/sites/all/modules/contrib/civicrm/CRM/Core/Invoke.php(54): CRM_Core_Invoke::_invoke((Array:4))
#16 /Users/Jan/Google Drive/sites/tarmac/site/sites/all/modules/contrib/civicrm/drupal/civicrm.module(489): CRM_Core_Invoke::invoke((Array:4))
#17 [internal function](): civicrm_invoke("admin", "setting", "smtp")
#18 /Users/Jan/Google Drive/sites/tarmac/site/includes/menu.inc(519): call_user_func_array("civicrm_invoke", (Array:3))
#19 /Users/Jan/Google Drive/sites/tarmac/site/index.php(21): menu_execute_active_handler()
#20 {main}


Apr 29 20:04:36  [info] Ignoring exception thrown by nullHandler: , SMTP server does not support authentication

Apr 29 20:04:36  [info] $backTrace = #0 /Users/Jan/Google Drive/sites/tarmac/site/sites/all/modules/contrib/civicrm/CRM/Core/Error.php(908): CRM_Core_Error::backtrace("backTrace", TRUE)
#1 [internal function](): CRM_Core_Error::nullHandler(Object(PEAR_Error))
#2 /Users/Jan/Google Drive/sites/tarmac/site/sites/all/modules/contrib/civicrm/packages/PEAR.php(931): call_user_func((Array:2), Object(PEAR_Error))
#3 /Users/Jan/Google Drive/sites/tarmac/site/sites/all/modules/contrib/civicrm/packages/PEAR.php(566): PEAR_Error->PEAR_Error("SMTP server does not support authentication", NULL, 16, (Array:2), NULL)
#4 /Users/Jan/Google Drive/sites/tarmac/site/sites/all/modules/contrib/civicrm/packages/Net/SMTP.php(626): PEAR->raiseError("SMTP server does not support authentication")
#5 /Users/Jan/Google Drive/sites/tarmac/site/sites/all/modules/contrib/civicrm/packages/Mail/smtp.php(385): Net_SMTP->auth("scion@skynet.be", "ndv2w38q", "")
#6 /Users/Jan/Google Drive/sites/tarmac/site/sites/all/modules/contrib/civicrm/packages/Mail/smtp.php(255): Mail_smtp->getSMTPObject()
#7 /Users/Jan/Google Drive/sites/tarmac/site/sites/all/modules/contrib/civicrm/CRM/Admin/Form/Setting/Smtp.php(175): Mail_smtp->send("sites@janhendrickx.be", (Array:3), "SMTP settings are correct.")
#8 /Users/Jan/Google Drive/sites/tarmac/site/sites/all/modules/contrib/civicrm/CRM/Core/Form.php(345): CRM_Admin_Form_Setting_Smtp->postProcess()
#9 /Users/Jan/Google Drive/sites/tarmac/site/sites/all/modules/contrib/civicrm/CRM/Core/QuickForm/Action/Refresh.php(75): CRM_Core_Form->mainProcess()
#10 /Users/Jan/Google Drive/sites/tarmac/site/sites/all/modules/contrib/civicrm/packages/HTML/QuickForm/Controller.php(203): CRM_Core_QuickForm_Action_Refresh->perform(Object(CRM_Admin_Form_Setting_Smtp), "refresh")
#11 /Users/Jan/Google Drive/sites/tarmac/site/sites/all/modules/contrib/civicrm/packages/HTML/QuickForm/Page.php(103): HTML_QuickForm_Controller->handle(Object(CRM_Admin_Form_Setting_Smtp), "refresh")
#12 /Users/Jan/Google Drive/sites/tarmac/site/sites/all/modules/contrib/civicrm/CRM/Core/Controller.php(353): HTML_QuickForm_Page->handle("refresh")
#13 /Users/Jan/Google Drive/sites/tarmac/site/sites/all/modules/contrib/civicrm/CRM/Utils/Wrapper.php(115): CRM_Core_Controller->run()
#14 /Users/Jan/Google Drive/sites/tarmac/site/sites/all/modules/contrib/civicrm/CRM/Core/Invoke.php(286): CRM_Utils_Wrapper->run("CRM_Admin_Form_Setting_Smtp", "Outbound Email Settings", NULL)
#15 /Users/Jan/Google Drive/sites/tarmac/site/sites/all/modules/contrib/civicrm/CRM/Core/Invoke.php(86): CRM_Core_Invoke::runItem((Array:13))
#16 /Users/Jan/Google Drive/sites/tarmac/site/sites/all/modules/contrib/civicrm/CRM/Core/Invoke.php(54): CRM_Core_Invoke::_invoke((Array:4))
#17 /Users/Jan/Google Drive/sites/tarmac/site/sites/all/modules/contrib/civicrm/drupal/civicrm.module(489): CRM_Core_Invoke::invoke((Array:4))
#18 [internal function](): civicrm_invoke("admin", "setting", "smtp")
#19 /Users/Jan/Google Drive/sites/tarmac/site/includes/menu.inc(519): call_user_func_array("civicrm_invoke", (Array:3))
#20 /Users/Jan/Google Drive/sites/tarmac/site/index.php(21): menu_execute_active_handler()
#21 {main}


Apr 29 20:04:36  [info] Ignoring exception thrown by nullHandler: 10002,  authentication failure [SMTP: SMTP server does not support authentication (code: 250, response: smtp.skynet.be
8BITMIME
SIZE 16777216
STARTTLS)]

Apr 29 20:04:36  [info] $backTrace = #0 /Users/Jan/Google Drive/sites/tarmac/site/sites/all/modules/contrib/civicrm/CRM/Core/Error.php(908): CRM_Core_Error::backtrace("backTrace", TRUE)
#1 [internal function](): CRM_Core_Error::nullHandler(Object(PEAR_Error))
#2 /Users/Jan/Google Drive/sites/tarmac/site/sites/all/modules/contrib/civicrm/packages/PEAR.php(931): call_user_func((Array:2), Object(PEAR_Error))
#3 /Users/Jan/Google Drive/sites/tarmac/site/sites/all/modules/contrib/civicrm/packages/PEAR.php(566): PEAR_Error->PEAR_Error(" authentication failure [SMTP: SMTP server does not support authentication (c...", 10002, 16, (Array:2), NULL)
#4 /Users/Jan/Google Drive/sites/tarmac/site/sites/all/modules/contrib/civicrm/packages/Mail/smtp.php(389): PEAR->raiseError(" authentication failure [SMTP: SMTP server does not support authentication (c...", 10002)
#5 /Users/Jan/Google Drive/sites/tarmac/site/sites/all/modules/contrib/civicrm/packages/Mail/smtp.php(255): Mail_smtp->getSMTPObject()
#6 /Users/Jan/Google Drive/sites/tarmac/site/sites/all/modules/contrib/civicrm/CRM/Admin/Form/Setting/Smtp.php(175): Mail_smtp->send("sites@janhendrickx.be", (Array:3), "SMTP settings are correct.")
#7 /Users/Jan/Google Drive/sites/tarmac/site/sites/all/modules/contrib/civicrm/CRM/Core/Form.php(345): CRM_Admin_Form_Setting_Smtp->postProcess()
#8 /Users/Jan/Google Drive/sites/tarmac/site/sites/all/modules/contrib/civicrm/CRM/Core/QuickForm/Action/Refresh.php(75): CRM_Core_Form->mainProcess()
#9 /Users/Jan/Google Drive/sites/tarmac/site/sites/all/modules/contrib/civicrm/packages/HTML/QuickForm/Controller.php(203): CRM_Core_QuickForm_Action_Refresh->perform(Object(CRM_Admin_Form_Setting_Smtp), "refresh")
#10 /Users/Jan/Google Drive/sites/tarmac/site/sites/all/modules/contrib/civicrm/packages/HTML/QuickForm/Page.php(103): HTML_QuickForm_Controller->handle(Object(CRM_Admin_Form_Setting_Smtp), "refresh")
#11 /Users/Jan/Google Drive/sites/tarmac/site/sites/all/modules/contrib/civicrm/CRM/Core/Controller.php(353): HTML_QuickForm_Page->handle("refresh")
#12 /Users/Jan/Google Drive/sites/tarmac/site/sites/all/modules/contrib/civicrm/CRM/Utils/Wrapper.php(115): CRM_Core_Controller->run()
#13 /Users/Jan/Google Drive/sites/tarmac/site/sites/all/modules/contrib/civicrm/CRM/Core/Invoke.php(286): CRM_Utils_Wrapper->run("CRM_Admin_Form_Setting_Smtp", "Outbound Email Settings", NULL)
#14 /Users/Jan/Google Drive/sites/tarmac/site/sites/all/modules/contrib/civicrm/CRM/Core/Invoke.php(86): CRM_Core_Invoke::runItem((Array:13))
#15 /Users/Jan/Google Drive/sites/tarmac/site/sites/all/modules/contrib/civicrm/CRM/Core/Invoke.php(54): CRM_Core_Invoke::_invoke((Array:4))
#16 /Users/Jan/Google Drive/sites/tarmac/site/sites/all/modules/contrib/civicrm/drupal/civicrm.module(489): CRM_Core_Invoke::invoke((Array:4))
#17 [internal function](): civicrm_invoke("admin", "setting", "smtp")
#18 /Users/Jan/Google Drive/sites/tarmac/site/includes/menu.inc(519): call_user_func_array("civicrm_invoke", (Array:3))
#19 /Users/Jan/Google Drive/sites/tarmac/site/index.php(21): menu_execute_active_handler()
#20 {main}


Apr 29 20:04:54  [info] Ignoring exception thrown by nullHandler: 10004, Failed to set sender: info@tar-mac.be [SMTP: Invalid response code received from SMTP server while sending email.  This is often caused by a misconfiguration in Outbound Email settings. Please verify the settings at Administer CiviCRM >> Global Settings >> Outbound Email (SMTP). (code: 530, response: #5.7.0 Must issue a STARTTLS command first)]

Apr 29 20:04:54  [info] $backTrace = #0 /Users/Jan/Google Drive/sites/tarmac/site/sites/all/modules/contrib/civicrm/CRM/Core/Error.php(908): CRM_Core_Error::backtrace("backTrace", TRUE)
#1 [internal function](): CRM_Core_Error::nullHandler(Object(PEAR_Error))
#2 /Users/Jan/Google Drive/sites/tarmac/site/sites/all/modules/contrib/civicrm/packages/PEAR.php(931): call_user_func((Array:2), Object(PEAR_Error))
#3 /Users/Jan/Google Drive/sites/tarmac/site/sites/all/modules/contrib/civicrm/packages/PEAR.php(566): PEAR_Error->PEAR_Error("Failed to set sender: info@tar-mac.be [SMTP: Invalid response code received f...", 10004, 16, (Array:2), NULL)
#4 /Users/Jan/Google Drive/sites/tarmac/site/sites/all/modules/contrib/civicrm/packages/Mail/smtp.php(295): PEAR->raiseError("Failed to set sender: info@tar-mac.be [SMTP: Invalid response code received f...", 10004)
#5 /Users/Jan/Google Drive/sites/tarmac/site/sites/all/modules/contrib/civicrm/CRM/Admin/Form/Setting/Smtp.php(175): Mail_smtp->send("sites@janhendrickx.be", (Array:3), "SMTP settings are correct.")
#6 /Users/Jan/Google Drive/sites/tarmac/site/sites/all/modules/contrib/civicrm/CRM/Core/Form.php(345): CRM_Admin_Form_Setting_Smtp->postProcess()
#7 /Users/Jan/Google Drive/sites/tarmac/site/sites/all/modules/contrib/civicrm/CRM/Core/QuickForm/Action/Refresh.php(75): CRM_Core_Form->mainProcess()
#8 /Users/Jan/Google Drive/sites/tarmac/site/sites/all/modules/contrib/civicrm/packages/HTML/QuickForm/Controller.php(203): CRM_Core_QuickForm_Action_Refresh->perform(Object(CRM_Admin_Form_Setting_Smtp), "refresh")
#9 /Users/Jan/Google Drive/sites/tarmac/site/sites/all/modules/contrib/civicrm/packages/HTML/QuickForm/Page.php(103): HTML_QuickForm_Controller->handle(Object(CRM_Admin_Form_Setting_Smtp), "refresh")
#10 /Users/Jan/Google Drive/sites/tarmac/site/sites/all/modules/contrib/civicrm/CRM/Core/Controller.php(353): HTML_QuickForm_Page->handle("refresh")
#11 /Users/Jan/Google Drive/sites/tarmac/site/sites/all/modules/contrib/civicrm/CRM/Utils/Wrapper.php(115): CRM_Core_Controller->run()
#12 /Users/Jan/Google Drive/sites/tarmac/site/sites/all/modules/contrib/civicrm/CRM/Core/Invoke.php(286): CRM_Utils_Wrapper->run("CRM_Admin_Form_Setting_Smtp", "Outbound Email Settings", NULL)
#13 /Users/Jan/Google Drive/sites/tarmac/site/sites/all/modules/contrib/civicrm/CRM/Core/Invoke.php(86): CRM_Core_Invoke::runItem((Array:13))
#14 /Users/Jan/Google Drive/sites/tarmac/site/sites/all/modules/contrib/civicrm/CRM/Core/Invoke.php(54): CRM_Core_Invoke::_invoke((Array:4))
#15 /Users/Jan/Google Drive/sites/tarmac/site/sites/all/modules/contrib/civicrm/drupal/civicrm.module(489): CRM_Core_Invoke::invoke((Array:4))
#16 [internal function](): civicrm_invoke("admin", "setting", "smtp")
#17 /Users/Jan/Google Drive/sites/tarmac/site/includes/menu.inc(519): call_user_func_array("civicrm_invoke", (Array:3))
#18 /Users/Jan/Google Drive/sites/tarmac/site/index.php(21): menu_execute_active_handler()
#19 {main}


Apr 29 20:05:07  [info] Ignoring exception thrown by nullHandler: 10004, Failed to set sender: info@tar-mac.be [SMTP: Invalid response code received from SMTP server while sending email.  This is often caused by a misconfiguration in Outbound Email settings. Please verify the settings at Administer CiviCRM >> Global Settings >> Outbound Email (SMTP). (code: 530, response: #5.7.0 Must issue a STARTTLS command first)]

Apr 29 20:05:07  [info] $backTrace = #0 /Users/Jan/Google Drive/sites/tarmac/site/sites/all/modules/contrib/civicrm/CRM/Core/Error.php(908): CRM_Core_Error::backtrace("backTrace", TRUE)
#1 [internal function](): CRM_Core_Error::nullHandler(Object(PEAR_Error))
#2 /Users/Jan/Google Drive/sites/tarmac/site/sites/all/modules/contrib/civicrm/packages/PEAR.php(931): call_user_func((Array:2), Object(PEAR_Error))
#3 /Users/Jan/Google Drive/sites/tarmac/site/sites/all/modules/contrib/civicrm/packages/PEAR.php(566): PEAR_Error->PEAR_Error("Failed to set sender: info@tar-mac.be [SMTP: Invalid response code received f...", 10004, 16, (Array:2), NULL)
#4 /Users/Jan/Google Drive/sites/tarmac/site/sites/all/modules/contrib/civicrm/packages/Mail/smtp.php(295): PEAR->raiseError("Failed to set sender: info@tar-mac.be [SMTP: Invalid response code received f...", 10004)
#5 /Users/Jan/Google Drive/sites/tarmac/site/sites/all/modules/contrib/civicrm/CRM/Admin/Form/Setting/Smtp.php(175): Mail_smtp->send("sites@janhendrickx.be", (Array:3), "SMTP settings are correct.")
#6 /Users/Jan/Google Drive/sites/tarmac/site/sites/all/modules/contrib/civicrm/CRM/Core/Form.php(345): CRM_Admin_Form_Setting_Smtp->postProcess()
#7 /Users/Jan/Google Drive/sites/tarmac/site/sites/all/modules/contrib/civicrm/CRM/Core/QuickForm/Action/Refresh.php(75): CRM_Core_Form->mainProcess()
#8 /Users/Jan/Google Drive/sites/tarmac/site/sites/all/modules/contrib/civicrm/packages/HTML/QuickForm/Controller.php(203): CRM_Core_QuickForm_Action_Refresh->perform(Object(CRM_Admin_Form_Setting_Smtp), "refresh")
#9 /Users/Jan/Google Drive/sites/tarmac/site/sites/all/modules/contrib/civicrm/packages/HTML/QuickForm/Page.php(103): HTML_QuickForm_Controller->handle(Object(CRM_Admin_Form_Setting_Smtp), "refresh")
#10 /Users/Jan/Google Drive/sites/tarmac/site/sites/all/modules/contrib/civicrm/CRM/Core/Controller.php(353): HTML_QuickForm_Page->handle("refresh")
#11 /Users/Jan/Google Drive/sites/tarmac/site/sites/all/modules/contrib/civicrm/CRM/Utils/Wrapper.php(115): CRM_Core_Controller->run()
#12 /Users/Jan/Google Drive/sites/tarmac/site/sites/all/modules/contrib/civicrm/CRM/Core/Invoke.php(286): CRM_Utils_Wrapper->run("CRM_Admin_Form_Setting_Smtp", "Outbound Email Settings", NULL)
#13 /Users/Jan/Google Drive/sites/tarmac/site/sites/all/modules/contrib/civicrm/CRM/Core/Invoke.php(86): CRM_Core_Invoke::runItem((Array:13))
#14 /Users/Jan/Google Drive/sites/tarmac/site/sites/all/modules/contrib/civicrm/CRM/Core/Invoke.php(54): CRM_Core_Invoke::_invoke((Array:4))
#15 /Users/Jan/Google Drive/sites/tarmac/site/sites/all/modules/contrib/civicrm/drupal/civicrm.module(489): CRM_Core_Invoke::invoke((Array:4))
#16 [internal function](): civicrm_invoke("admin", "setting", "smtp")
#17 /Users/Jan/Google Drive/sites/tarmac/site/includes/menu.inc(519): call_user_func_array("civicrm_invoke", (Array:3))
#18 /Users/Jan/Google Drive/sites/tarmac/site/index.php(21): menu_execute_active_handler()
#19 {main}


Apr 30 21:30:05  [info] $backTrace = #0 /Users/Jan/Google Drive/sites/tarmac/site/sites/all/modules/contrib/civicrm/CRM/Core/Error.php(894): CRM_Core_Error::backtrace("backTrace", TRUE)
#1 [internal function](): CRM_Core_Error::exceptionHandler(Object(PEAR_Error))
#2 /Users/Jan/Google Drive/sites/tarmac/site/sites/all/modules/contrib/civicrm/packages/PEAR.php(931): call_user_func((Array:2), Object(PEAR_Error))
#3 /Users/Jan/Google Drive/sites/tarmac/site/sites/all/modules/contrib/civicrm/packages/PEAR.php(566): PEAR_Error->PEAR_Error("Failed to set sender: b.35.1.4870816c6beefef0@EXAMPLE.ORG [SMTP: Invalid resp...", 10004, 16, (Array:2), NULL)
#4 /Users/Jan/Google Drive/sites/tarmac/site/sites/all/modules/contrib/civicrm/packages/Mail/smtp.php(295): PEAR->raiseError("Failed to set sender: b.35.1.4870816c6beefef0@EXAMPLE.ORG [SMTP: Invalid resp...", 10004)
#5 /Users/Jan/Google Drive/sites/tarmac/site/sites/all/modules/contrib/civicrm/CRM/Mailing/BAO/MailingJob.php(701): Mail_smtp->send("<sites@janhendrickx.be>", (Array:11), "--=_ac59fc644008bf6797726a8408a2a6a2\nContent-Transfer-Encoding: 8bit\nConten...", "35")
#6 /Users/Jan/Google Drive/sites/tarmac/site/sites/all/modules/contrib/civicrm/CRM/Mailing/BAO/MailingJob.php(605): CRM_Mailing_BAO_MailingJob->deliverGroup((Array:1), Object(CRM_Mailing_BAO_Mailing), Object(Mail_smtp), "", (Array:0))
#7 /Users/Jan/Google Drive/sites/tarmac/site/sites/all/modules/contrib/civicrm/CRM/Mailing/BAO/MailingJob.php(192): CRM_Mailing_BAO_MailingJob->deliver(Object(Mail_smtp), (Array:12))
#8 /Users/Jan/Google Drive/sites/tarmac/site/sites/all/modules/contrib/civicrm/api/v3/Mailing.php(643): CRM_Mailing_BAO_MailingJob::runJobs((Array:12))
#9 /Users/Jan/Google Drive/sites/tarmac/site/sites/all/modules/contrib/civicrm/Civi/API/Provider/MagicFunctionProvider.php(89): civicrm_api3_mailing_send_test((Array:10))
#10 /Users/Jan/Google Drive/sites/tarmac/site/sites/all/modules/contrib/civicrm/Civi/API/Kernel.php(96): Civi\API\Provider\MagicFunctionProvider->invoke((Array:9))
#11 /Users/Jan/Google Drive/sites/tarmac/site/sites/all/modules/contrib/civicrm/api/api.php(23): Civi\API\Kernel->run("mailing", "send_test", (Array:10), NULL)
#12 /Users/Jan/Google Drive/sites/tarmac/site/sites/all/modules/contrib/civicrm/Civi/API/Subscriber/ChainSubscriber.php(195): civicrm_api("mailing", "send_test", (Array:10))
#13 /Users/Jan/Google Drive/sites/tarmac/site/sites/all/modules/contrib/civicrm/Civi/API/Subscriber/ChainSubscriber.php(72): Civi\API\Subscriber\ChainSubscriber->callNestedApi((Array:35), (Array:5), "create", "Mailing", 3)
#14 [internal function](): Civi\API\Subscriber\ChainSubscriber->onApiRespond(Object(Civi\API\Event\RespondEvent))
#15 /Users/Jan/Google Drive/sites/tarmac/site/sites/all/modules/contrib/civicrm/vendor/symfony/event-dispatcher/Symfony/Component/EventDispatcher/EventDispatcher.php(164): call_user_func((Array:2), Object(Civi\API\Event\RespondEvent))
#16 /Users/Jan/Google Drive/sites/tarmac/site/sites/all/modules/contrib/civicrm/vendor/symfony/event-dispatcher/Symfony/Component/EventDispatcher/EventDispatcher.php(53): Symfony\Component\EventDispatcher\EventDispatcher->doDispatch((Array:4), "api.respond", Object(Civi\API\Event\RespondEvent))
#17 /Users/Jan/Google Drive/sites/tarmac/site/sites/all/modules/contrib/civicrm/Civi/API/Kernel.php(221): Symfony\Component\EventDispatcher\EventDispatcher->dispatch("api.respond", Object(Civi\API\Event\RespondEvent))
#18 /Users/Jan/Google Drive/sites/tarmac/site/sites/all/modules/contrib/civicrm/Civi/API/Kernel.php(98): Civi\API\Kernel->respond(Object(Civi\API\Provider\MagicFunctionProvider), (Array:9), (Array:5))
#19 /Users/Jan/Google Drive/sites/tarmac/site/sites/all/modules/contrib/civicrm/api/api.php(23): Civi\API\Kernel->run("Mailing", "create", (Array:35), NULL)
#20 /Users/Jan/Google Drive/sites/tarmac/site/sites/all/modules/contrib/civicrm/CRM/Utils/REST.php(402): civicrm_api("Mailing", "create", (Array:35))
#21 /Users/Jan/Google Drive/sites/tarmac/site/sites/all/modules/contrib/civicrm/CRM/Utils/REST.php(638): CRM_Utils_REST::process((Array:3), (Array:33))
#22 [internal function](): CRM_Utils_REST::ajax()
#23 /Users/Jan/Google Drive/sites/tarmac/site/sites/all/modules/contrib/civicrm/CRM/Core/Invoke.php(278): call_user_func((Array:2))
#24 /Users/Jan/Google Drive/sites/tarmac/site/sites/all/modules/contrib/civicrm/CRM/Core/Invoke.php(86): CRM_Core_Invoke::runItem((Array:12))
#25 /Users/Jan/Google Drive/sites/tarmac/site/sites/all/modules/contrib/civicrm/CRM/Core/Invoke.php(54): CRM_Core_Invoke::_invoke((Array:3))
#26 /Users/Jan/Google Drive/sites/tarmac/site/sites/all/modules/contrib/civicrm/drupal/civicrm.module(489): CRM_Core_Invoke::invoke((Array:3))
#27 [internal function](): civicrm_invoke("ajax", "rest")
#28 /Users/Jan/Google Drive/sites/tarmac/site/includes/menu.inc(519): call_user_func_array("civicrm_invoke", (Array:2))
#29 /Users/Jan/Google Drive/sites/tarmac/site/index.php(21): menu_execute_active_handler()
#30 {main}


Apr 30 21:31:33  [info] $backTrace = #0 /Users/Jan/Google Drive/sites/tarmac/site/sites/all/modules/contrib/civicrm/CRM/Core/Error.php(894): CRM_Core_Error::backtrace("backTrace", TRUE)
#1 [internal function](): CRM_Core_Error::exceptionHandler(Object(PEAR_Error))
#2 /Users/Jan/Google Drive/sites/tarmac/site/sites/all/modules/contrib/civicrm/packages/PEAR.php(931): call_user_func((Array:2), Object(PEAR_Error))
#3 /Users/Jan/Google Drive/sites/tarmac/site/sites/all/modules/contrib/civicrm/packages/PEAR.php(566): PEAR_Error->PEAR_Error("Failed to set sender: b.36.2.a7d316f013c0081e@EXAMPLE.ORG [SMTP: Invalid resp...", 10004, 16, (Array:2), NULL)
#4 /Users/Jan/Google Drive/sites/tarmac/site/sites/all/modules/contrib/civicrm/packages/Mail/smtp.php(295): PEAR->raiseError("Failed to set sender: b.36.2.a7d316f013c0081e@EXAMPLE.ORG [SMTP: Invalid resp...", 10004)
#5 /Users/Jan/Google Drive/sites/tarmac/site/sites/all/modules/contrib/civicrm/CRM/Mailing/BAO/MailingJob.php(701): Mail_smtp->send("<sites@janhendrickx.be>", (Array:11), "--=_0fce4acaf49e205ff0c0e25af60724cb\nContent-Transfer-Encoding: 8bit\nConten...", "36")
#6 /Users/Jan/Google Drive/sites/tarmac/site/sites/all/modules/contrib/civicrm/CRM/Mailing/BAO/MailingJob.php(605): CRM_Mailing_BAO_MailingJob->deliverGroup((Array:1), Object(CRM_Mailing_BAO_Mailing), Object(Mail_smtp), "", (Array:0))
#7 /Users/Jan/Google Drive/sites/tarmac/site/sites/all/modules/contrib/civicrm/CRM/Mailing/BAO/MailingJob.php(192): CRM_Mailing_BAO_MailingJob->deliver(Object(Mail_smtp), (Array:12))
#8 /Users/Jan/Google Drive/sites/tarmac/site/sites/all/modules/contrib/civicrm/api/v3/Mailing.php(643): CRM_Mailing_BAO_MailingJob::runJobs((Array:12))
#9 /Users/Jan/Google Drive/sites/tarmac/site/sites/all/modules/contrib/civicrm/Civi/API/Provider/MagicFunctionProvider.php(89): civicrm_api3_mailing_send_test((Array:10))
#10 /Users/Jan/Google Drive/sites/tarmac/site/sites/all/modules/contrib/civicrm/Civi/API/Kernel.php(96): Civi\API\Provider\MagicFunctionProvider->invoke((Array:9))
#11 /Users/Jan/Google Drive/sites/tarmac/site/sites/all/modules/contrib/civicrm/api/api.php(23): Civi\API\Kernel->run("mailing", "send_test", (Array:10), NULL)
#12 /Users/Jan/Google Drive/sites/tarmac/site/sites/all/modules/contrib/civicrm/Civi/API/Subscriber/ChainSubscriber.php(195): civicrm_api("mailing", "send_test", (Array:10))
#13 /Users/Jan/Google Drive/sites/tarmac/site/sites/all/modules/contrib/civicrm/Civi/API/Subscriber/ChainSubscriber.php(72): Civi\API\Subscriber\ChainSubscriber->callNestedApi((Array:35), (Array:5), "create", "Mailing", 3)
#14 [internal function](): Civi\API\Subscriber\ChainSubscriber->onApiRespond(Object(Civi\API\Event\RespondEvent))
#15 /Users/Jan/Google Drive/sites/tarmac/site/sites/all/modules/contrib/civicrm/vendor/symfony/event-dispatcher/Symfony/Component/EventDispatcher/EventDispatcher.php(164): call_user_func((Array:2), Object(Civi\API\Event\RespondEvent))
#16 /Users/Jan/Google Drive/sites/tarmac/site/sites/all/modules/contrib/civicrm/vendor/symfony/event-dispatcher/Symfony/Component/EventDispatcher/EventDispatcher.php(53): Symfony\Component\EventDispatcher\EventDispatcher->doDispatch((Array:4), "api.respond", Object(Civi\API\Event\RespondEvent))
#17 /Users/Jan/Google Drive/sites/tarmac/site/sites/all/modules/contrib/civicrm/Civi/API/Kernel.php(221): Symfony\Component\EventDispatcher\EventDispatcher->dispatch("api.respond", Object(Civi\API\Event\RespondEvent))
#18 /Users/Jan/Google Drive/sites/tarmac/site/sites/all/modules/contrib/civicrm/Civi/API/Kernel.php(98): Civi\API\Kernel->respond(Object(Civi\API\Provider\MagicFunctionProvider), (Array:9), (Array:5))
#19 /Users/Jan/Google Drive/sites/tarmac/site/sites/all/modules/contrib/civicrm/api/api.php(23): Civi\API\Kernel->run("Mailing", "create", (Array:35), NULL)
#20 /Users/Jan/Google Drive/sites/tarmac/site/sites/all/modules/contrib/civicrm/CRM/Utils/REST.php(402): civicrm_api("Mailing", "create", (Array:35))
#21 /Users/Jan/Google Drive/sites/tarmac/site/sites/all/modules/contrib/civicrm/CRM/Utils/REST.php(638): CRM_Utils_REST::process((Array:3), (Array:33))
#22 [internal function](): CRM_Utils_REST::ajax()
#23 /Users/Jan/Google Drive/sites/tarmac/site/sites/all/modules/contrib/civicrm/CRM/Core/Invoke.php(278): call_user_func((Array:2))
#24 /Users/Jan/Google Drive/sites/tarmac/site/sites/all/modules/contrib/civicrm/CRM/Core/Invoke.php(86): CRM_Core_Invoke::runItem((Array:12))
#25 /Users/Jan/Google Drive/sites/tarmac/site/sites/all/modules/contrib/civicrm/CRM/Core/Invoke.php(54): CRM_Core_Invoke::_invoke((Array:3))
#26 /Users/Jan/Google Drive/sites/tarmac/site/sites/all/modules/contrib/civicrm/drupal/civicrm.module(489): CRM_Core_Invoke::invoke((Array:3))
#27 [internal function](): civicrm_invoke("ajax", "rest")
#28 /Users/Jan/Google Drive/sites/tarmac/site/includes/menu.inc(519): call_user_func_array("civicrm_invoke", (Array:2))
#29 /Users/Jan/Google Drive/sites/tarmac/site/index.php(21): menu_execute_active_handler()
#30 {main}


Apr 30 21:54:08  [info] $Fatal Error Details = Array
(
    [message] =>  is not of type String
    [code] => 
)


Apr 30 21:54:08  [info] $backTrace = #0 /Users/Jan/Google Drive/sites/tarmac/site/sites/all/modules/contrib/civicrm/CRM/Core/Error.php(322): CRM_Core_Error::backtrace("backTrace", TRUE)
#1 /Users/Jan/Google Drive/sites/tarmac/site/sites/all/modules/contrib/civicrm/CRM/Core/DAO.php(1279): CRM_Core_Error::fatal(" is not of type String")
#2 /Users/Jan/Google Drive/sites/tarmac/site/sites/all/modules/contrib/civicrm/CRM/Core/DAO.php(1166): CRM_Core_DAO::composeQuery("\nSELECT v.id, v.label, v.value, v.name, v.weight, v.description\nFROM   civi...", (Array:2), TRUE)
#3 /Users/Jan/Google Drive/sites/tarmac/site/sites/all/modules/contrib/civicrm/CRM/Core/OptionGroup.php(619): CRM_Core_DAO::executeQuery("\nSELECT v.id, v.label, v.value, v.name, v.weight, v.description\nFROM   civi...", (Array:2))
#4 /Users/Jan/Google Drive/sites/tarmac/site/sites/all/modules/contrib/civicrm/CRM/Report/Utils/Report.php(416): CRM_Core_OptionGroup::getRowValues("report_template", NULL, "value")
#5 /Users/Jan/Google Drive/sites/tarmac/site/sites/all/modules/contrib/civicrm/api/v3/Job.php(224): CRM_Report_Utils_Report::processReport((Array:3))
#6 /Users/Jan/Google Drive/sites/tarmac/site/sites/all/modules/contrib/civicrm/Civi/API/Provider/MagicFunctionProvider.php(89): civicrm_api3_job_mail_report((Array:3))
#7 /Users/Jan/Google Drive/sites/tarmac/site/sites/all/modules/contrib/civicrm/Civi/API/Kernel.php(96): Civi\API\Provider\MagicFunctionProvider->invoke((Array:9))
#8 /Users/Jan/Google Drive/sites/tarmac/site/sites/all/modules/contrib/civicrm/api/api.php(23): Civi\API\Kernel->run("job", "mail_report", (Array:3), NULL)
#9 /Users/Jan/Google Drive/sites/tarmac/site/sites/all/modules/contrib/civicrm/CRM/Core/JobManager.php(131): civicrm_api("job", "mail_report", (Array:3))
#10 /Users/Jan/Google Drive/sites/tarmac/site/sites/all/modules/contrib/civicrm/CRM/Core/JobManager.php(110): CRM_Core_JobManager->executeJob(Object(CRM_Core_ScheduledJob))
#11 /Users/Jan/Google Drive/sites/tarmac/site/sites/all/modules/contrib/civicrm/CRM/Admin/Page/Job.php(155): CRM_Core_JobManager->executeJobById("7")
#12 /Users/Jan/Google Drive/sites/tarmac/site/sites/all/modules/contrib/civicrm/CRM/Core/Page/Basic.php(178): CRM_Admin_Page_Job->browse(NULL, NULL)
#13 /Users/Jan/Google Drive/sites/tarmac/site/sites/all/modules/contrib/civicrm/CRM/Admin/Page/Job.php(140): CRM_Core_Page_Basic->run()
#14 /Users/Jan/Google Drive/sites/tarmac/site/sites/all/modules/contrib/civicrm/CRM/Core/Invoke.php(312): CRM_Admin_Page_Job->run((Array:3), NULL)
#15 /Users/Jan/Google Drive/sites/tarmac/site/sites/all/modules/contrib/civicrm/CRM/Core/Invoke.php(86): CRM_Core_Invoke::runItem((Array:13))
#16 /Users/Jan/Google Drive/sites/tarmac/site/sites/all/modules/contrib/civicrm/CRM/Core/Invoke.php(54): CRM_Core_Invoke::_invoke((Array:3))
#17 /Users/Jan/Google Drive/sites/tarmac/site/sites/all/modules/contrib/civicrm/drupal/civicrm.module(489): CRM_Core_Invoke::invoke((Array:3))
#18 [internal function](): civicrm_invoke("admin", "job")
#19 /Users/Jan/Google Drive/sites/tarmac/site/includes/menu.inc(519): call_user_func_array("civicrm_invoke", (Array:2))
#20 /Users/Jan/Google Drive/sites/tarmac/site/index.php(21): menu_execute_active_handler()
#21 {main}


Apr 30 22:02:20  [info] Ignoring exception thrown by nullHandler: 10004, Failed to set sender: b.40.3.b2f82b4585668c90@ [SMTP: Invalid response code received from SMTP server while sending email.  This is often caused by a misconfiguration in Outbound Email settings. Please verify the settings at Administer CiviCRM >> Global Settings >> Outbound Email (SMTP). (code: 501, response: #5.1.3 Partial domain not allowed: '')]

Apr 30 22:02:20  [info] $backTrace = #0 /Users/Jan/Google Drive/sites/tarmac/site/sites/all/modules/contrib/civicrm/CRM/Core/Error.php(908): CRM_Core_Error::backtrace("backTrace", TRUE)
#1 [internal function](): CRM_Core_Error::nullHandler(Object(PEAR_Error))
#2 /Users/Jan/Google Drive/sites/tarmac/site/sites/all/modules/contrib/civicrm/packages/PEAR.php(931): call_user_func((Array:2), Object(PEAR_Error))
#3 /Users/Jan/Google Drive/sites/tarmac/site/sites/all/modules/contrib/civicrm/packages/PEAR.php(566): PEAR_Error->PEAR_Error("Failed to set sender: b.40.3.b2f82b4585668c90@ [SMTP: Invalid response code r...", 10004, 16, (Array:2), NULL)
#4 /Users/Jan/Google Drive/sites/tarmac/site/sites/all/modules/contrib/civicrm/packages/Mail/smtp.php(295): PEAR->raiseError("Failed to set sender: b.40.3.b2f82b4585668c90@ [SMTP: Invalid response code r...", 10004)
#5 /Users/Jan/Google Drive/sites/tarmac/site/sites/all/modules/contrib/civicrm/CRM/Mailing/BAO/MailingJob.php(701): Mail_smtp->send("Jan Hendrickx <scion@skynet.be>", (Array:11), "--=_3491c6caa7a978e7a4db76754a630dd3\nContent-Transfer-Encoding: 8bit\nConten...", "40")
#6 /Users/Jan/Google Drive/sites/tarmac/site/sites/all/modules/contrib/civicrm/CRM/Mailing/BAO/MailingJob.php(605): CRM_Mailing_BAO_MailingJob->deliverGroup((Array:4), Object(CRM_Mailing_BAO_Mailing), Object(Mail_smtp), "20150430213432", (Array:0))
#7 /Users/Jan/Google Drive/sites/tarmac/site/sites/all/modules/contrib/civicrm/CRM/Mailing/BAO/MailingJob.php(192): CRM_Mailing_BAO_MailingJob->deliver(Object(Mail_smtp), NULL)
#8 /Users/Jan/Google Drive/sites/tarmac/site/sites/all/modules/contrib/civicrm/CRM/Mailing/BAO/Mailing.php(2938): CRM_Mailing_BAO_MailingJob::runJobs(NULL, NULL)
#9 /Users/Jan/Google Drive/sites/tarmac/site/sites/all/modules/contrib/civicrm/api/v3/Job.php(316): CRM_Mailing_BAO_Mailing::processQueue()
#10 /Users/Jan/Google Drive/sites/tarmac/site/sites/all/modules/contrib/civicrm/Civi/API/Provider/MagicFunctionProvider.php(89): civicrm_api3_job_process_mailing((Array:1))
#11 /Users/Jan/Google Drive/sites/tarmac/site/sites/all/modules/contrib/civicrm/Civi/API/Kernel.php(96): Civi\API\Provider\MagicFunctionProvider->invoke((Array:9))
#12 /Users/Jan/Google Drive/sites/tarmac/site/sites/all/modules/contrib/civicrm/api/api.php(23): Civi\API\Kernel->run("Job", "process_mailing", (Array:1), NULL)
#13 /Users/Jan/Google Drive/sites/tarmac/site/sites/all/modules/contrib/civicrm/CRM/Core/JobManager.php(131): civicrm_api("Job", "process_mailing", (Array:1))
#14 /Users/Jan/Google Drive/sites/tarmac/site/sites/all/modules/contrib/civicrm/CRM/Core/JobManager.php(110): CRM_Core_JobManager->executeJob(Object(CRM_Core_ScheduledJob))
#15 /Users/Jan/Google Drive/sites/tarmac/site/sites/all/modules/contrib/civicrm/CRM/Admin/Page/Job.php(155): CRM_Core_JobManager->executeJobById("1")
#16 /Users/Jan/Google Drive/sites/tarmac/site/sites/all/modules/contrib/civicrm/CRM/Core/Page/Basic.php(178): CRM_Admin_Page_Job->browse(NULL, NULL)
#17 /Users/Jan/Google Drive/sites/tarmac/site/sites/all/modules/contrib/civicrm/CRM/Admin/Page/Job.php(140): CRM_Core_Page_Basic->run()
#18 /Users/Jan/Google Drive/sites/tarmac/site/sites/all/modules/contrib/civicrm/CRM/Core/Invoke.php(312): CRM_Admin_Page_Job->run((Array:3), NULL)
#19 /Users/Jan/Google Drive/sites/tarmac/site/sites/all/modules/contrib/civicrm/CRM/Core/Invoke.php(86): CRM_Core_Invoke::runItem((Array:13))
#20 /Users/Jan/Google Drive/sites/tarmac/site/sites/all/modules/contrib/civicrm/CRM/Core/Invoke.php(54): CRM_Core_Invoke::_invoke((Array:3))
#21 /Users/Jan/Google Drive/sites/tarmac/site/sites/all/modules/contrib/civicrm/drupal/civicrm.module(489): CRM_Core_Invoke::invoke((Array:3))
#22 [internal function](): civicrm_invoke("admin", "job")
#23 /Users/Jan/Google Drive/sites/tarmac/site/includes/menu.inc(519): call_user_func_array("civicrm_invoke", (Array:2))
#24 /Users/Jan/Google Drive/sites/tarmac/site/index.php(21): menu_execute_active_handler()
#25 {main}


Apr 30 22:02:20  [info] SMTP Socket Error or failed to set sender error. Message: Failed to set sender: b.40.3.b2f82b4585668c90@ [SMTP: Invalid response code received from SMTP server while sending email.  This is often caused by a misconfiguration in Outbound Email settings. Please verify the settings at Administer CiviCRM >> Global Settings >> Outbound Email (SMTP). (code: 501, response: #5.1.3 Partial domain not allowed: '')], Code: 10004

Apr 30 22:02:21  [info] Ignoring exception thrown by nullHandler: 10004, Failed to set sender: b.40.4.357da2a7c7432376@ [SMTP: Invalid response code received from SMTP server while sending email.  This is often caused by a misconfiguration in Outbound Email settings. Please verify the settings at Administer CiviCRM >> Global Settings >> Outbound Email (SMTP). (code: 501, response: #5.1.3 Partial domain not allowed: '')]

Apr 30 22:02:21  [info] $backTrace = #0 /Users/Jan/Google Drive/sites/tarmac/site/sites/all/modules/contrib/civicrm/CRM/Core/Error.php(908): CRM_Core_Error::backtrace("backTrace", TRUE)
#1 [internal function](): CRM_Core_Error::nullHandler(Object(PEAR_Error))
#2 /Users/Jan/Google Drive/sites/tarmac/site/sites/all/modules/contrib/civicrm/packages/PEAR.php(931): call_user_func((Array:2), Object(PEAR_Error))
#3 /Users/Jan/Google Drive/sites/tarmac/site/sites/all/modules/contrib/civicrm/packages/PEAR.php(566): PEAR_Error->PEAR_Error("Failed to set sender: b.40.4.357da2a7c7432376@ [SMTP: Invalid response code r...", 10004, 16, (Array:2), NULL)
#4 /Users/Jan/Google Drive/sites/tarmac/site/sites/all/modules/contrib/civicrm/packages/Mail/smtp.php(295): PEAR->raiseError("Failed to set sender: b.40.4.357da2a7c7432376@ [SMTP: Invalid response code r...", 10004)
#5 /Users/Jan/Google Drive/sites/tarmac/site/sites/all/modules/contrib/civicrm/CRM/Mailing/BAO/MailingJob.php(701): Mail_smtp->send("Jan Stevens <janstevens@telenet.be>", (Array:11), "--=_3caa58c74bc4db7f23f5a952104f9423\nContent-Transfer-Encoding: 8bit\nConten...", "40")
#6 /Users/Jan/Google Drive/sites/tarmac/site/sites/all/modules/contrib/civicrm/CRM/Mailing/BAO/MailingJob.php(605): CRM_Mailing_BAO_MailingJob->deliverGroup((Array:4), Object(CRM_Mailing_BAO_Mailing), Object(Mail_smtp), "20150430213432", (Array:0))
#7 /Users/Jan/Google Drive/sites/tarmac/site/sites/all/modules/contrib/civicrm/CRM/Mailing/BAO/MailingJob.php(192): CRM_Mailing_BAO_MailingJob->deliver(Object(Mail_smtp), NULL)
#8 /Users/Jan/Google Drive/sites/tarmac/site/sites/all/modules/contrib/civicrm/CRM/Mailing/BAO/Mailing.php(2938): CRM_Mailing_BAO_MailingJob::runJobs(NULL, NULL)
#9 /Users/Jan/Google Drive/sites/tarmac/site/sites/all/modules/contrib/civicrm/api/v3/Job.php(316): CRM_Mailing_BAO_Mailing::processQueue()
#10 /Users/Jan/Google Drive/sites/tarmac/site/sites/all/modules/contrib/civicrm/Civi/API/Provider/MagicFunctionProvider.php(89): civicrm_api3_job_process_mailing((Array:1))
#11 /Users/Jan/Google Drive/sites/tarmac/site/sites/all/modules/contrib/civicrm/Civi/API/Kernel.php(96): Civi\API\Provider\MagicFunctionProvider->invoke((Array:9))
#12 /Users/Jan/Google Drive/sites/tarmac/site/sites/all/modules/contrib/civicrm/api/api.php(23): Civi\API\Kernel->run("Job", "process_mailing", (Array:1), NULL)
#13 /Users/Jan/Google Drive/sites/tarmac/site/sites/all/modules/contrib/civicrm/CRM/Core/JobManager.php(131): civicrm_api("Job", "process_mailing", (Array:1))
#14 /Users/Jan/Google Drive/sites/tarmac/site/sites/all/modules/contrib/civicrm/CRM/Core/JobManager.php(110): CRM_Core_JobManager->executeJob(Object(CRM_Core_ScheduledJob))
#15 /Users/Jan/Google Drive/sites/tarmac/site/sites/all/modules/contrib/civicrm/CRM/Admin/Page/Job.php(155): CRM_Core_JobManager->executeJobById("1")
#16 /Users/Jan/Google Drive/sites/tarmac/site/sites/all/modules/contrib/civicrm/CRM/Core/Page/Basic.php(178): CRM_Admin_Page_Job->browse(NULL, NULL)
#17 /Users/Jan/Google Drive/sites/tarmac/site/sites/all/modules/contrib/civicrm/CRM/Admin/Page/Job.php(140): CRM_Core_Page_Basic->run()
#18 /Users/Jan/Google Drive/sites/tarmac/site/sites/all/modules/contrib/civicrm/CRM/Core/Invoke.php(312): CRM_Admin_Page_Job->run((Array:3), NULL)
#19 /Users/Jan/Google Drive/sites/tarmac/site/sites/all/modules/contrib/civicrm/CRM/Core/Invoke.php(86): CRM_Core_Invoke::runItem((Array:13))
#20 /Users/Jan/Google Drive/sites/tarmac/site/sites/all/modules/contrib/civicrm/CRM/Core/Invoke.php(54): CRM_Core_Invoke::_invoke((Array:3))
#21 /Users/Jan/Google Drive/sites/tarmac/site/sites/all/modules/contrib/civicrm/drupal/civicrm.module(489): CRM_Core_Invoke::invoke((Array:3))
#22 [internal function](): civicrm_invoke("admin", "job")
#23 /Users/Jan/Google Drive/sites/tarmac/site/includes/menu.inc(519): call_user_func_array("civicrm_invoke", (Array:2))
#24 /Users/Jan/Google Drive/sites/tarmac/site/index.php(21): menu_execute_active_handler()
#25 {main}


Apr 30 22:02:21  [info] SMTP Socket Error or failed to set sender error. Message: Failed to set sender: b.40.4.357da2a7c7432376@ [SMTP: Invalid response code received from SMTP server while sending email.  This is often caused by a misconfiguration in Outbound Email settings. Please verify the settings at Administer CiviCRM >> Global Settings >> Outbound Email (SMTP). (code: 501, response: #5.1.3 Partial domain not allowed: '')], Code: 10004

Apr 30 22:02:21  [info] Ignoring exception thrown by nullHandler: 10004, Failed to set sender: b.40.5.0178846acac62f9a@ [SMTP: Invalid response code received from SMTP server while sending email.  This is often caused by a misconfiguration in Outbound Email settings. Please verify the settings at Administer CiviCRM >> Global Settings >> Outbound Email (SMTP). (code: 501, response: #5.1.3 Partial domain not allowed: '')]

Apr 30 22:02:21  [info] $backTrace = #0 /Users/Jan/Google Drive/sites/tarmac/site/sites/all/modules/contrib/civicrm/CRM/Core/Error.php(908): CRM_Core_Error::backtrace("backTrace", TRUE)
#1 [internal function](): CRM_Core_Error::nullHandler(Object(PEAR_Error))
#2 /Users/Jan/Google Drive/sites/tarmac/site/sites/all/modules/contrib/civicrm/packages/PEAR.php(931): call_user_func((Array:2), Object(PEAR_Error))
#3 /Users/Jan/Google Drive/sites/tarmac/site/sites/all/modules/contrib/civicrm/packages/PEAR.php(566): PEAR_Error->PEAR_Error("Failed to set sender: b.40.5.0178846acac62f9a@ [SMTP: Invalid response code r...", 10004, 16, (Array:2), NULL)
#4 /Users/Jan/Google Drive/sites/tarmac/site/sites/all/modules/contrib/civicrm/packages/Mail/smtp.php(295): PEAR->raiseError("Failed to set sender: b.40.5.0178846acac62f9a@ [SMTP: Invalid response code r...", 10004)
#5 /Users/Jan/Google Drive/sites/tarmac/site/sites/all/modules/contrib/civicrm/CRM/Mailing/BAO/MailingJob.php(701): Mail_smtp->send("Wim Pauels <wim.pauels@pandora.be>", (Array:11), "--=_009e8db1d99f535531632f35e974d491\nContent-Transfer-Encoding: 8bit\nConten...", "40")
#6 /Users/Jan/Google Drive/sites/tarmac/site/sites/all/modules/contrib/civicrm/CRM/Mailing/BAO/MailingJob.php(605): CRM_Mailing_BAO_MailingJob->deliverGroup((Array:4), Object(CRM_Mailing_BAO_Mailing), Object(Mail_smtp), "20150430213432", (Array:0))
#7 /Users/Jan/Google Drive/sites/tarmac/site/sites/all/modules/contrib/civicrm/CRM/Mailing/BAO/MailingJob.php(192): CRM_Mailing_BAO_MailingJob->deliver(Object(Mail_smtp), NULL)
#8 /Users/Jan/Google Drive/sites/tarmac/site/sites/all/modules/contrib/civicrm/CRM/Mailing/BAO/Mailing.php(2938): CRM_Mailing_BAO_MailingJob::runJobs(NULL, NULL)
#9 /Users/Jan/Google Drive/sites/tarmac/site/sites/all/modules/contrib/civicrm/api/v3/Job.php(316): CRM_Mailing_BAO_Mailing::processQueue()
#10 /Users/Jan/Google Drive/sites/tarmac/site/sites/all/modules/contrib/civicrm/Civi/API/Provider/MagicFunctionProvider.php(89): civicrm_api3_job_process_mailing((Array:1))
#11 /Users/Jan/Google Drive/sites/tarmac/site/sites/all/modules/contrib/civicrm/Civi/API/Kernel.php(96): Civi\API\Provider\MagicFunctionProvider->invoke((Array:9))
#12 /Users/Jan/Google Drive/sites/tarmac/site/sites/all/modules/contrib/civicrm/api/api.php(23): Civi\API\Kernel->run("Job", "process_mailing", (Array:1), NULL)
#13 /Users/Jan/Google Drive/sites/tarmac/site/sites/all/modules/contrib/civicrm/CRM/Core/JobManager.php(131): civicrm_api("Job", "process_mailing", (Array:1))
#14 /Users/Jan/Google Drive/sites/tarmac/site/sites/all/modules/contrib/civicrm/CRM/Core/JobManager.php(110): CRM_Core_JobManager->executeJob(Object(CRM_Core_ScheduledJob))
#15 /Users/Jan/Google Drive/sites/tarmac/site/sites/all/modules/contrib/civicrm/CRM/Admin/Page/Job.php(155): CRM_Core_JobManager->executeJobById("1")
#16 /Users/Jan/Google Drive/sites/tarmac/site/sites/all/modules/contrib/civicrm/CRM/Core/Page/Basic.php(178): CRM_Admin_Page_Job->browse(NULL, NULL)
#17 /Users/Jan/Google Drive/sites/tarmac/site/sites/all/modules/contrib/civicrm/CRM/Admin/Page/Job.php(140): CRM_Core_Page_Basic->run()
#18 /Users/Jan/Google Drive/sites/tarmac/site/sites/all/modules/contrib/civicrm/CRM/Core/Invoke.php(312): CRM_Admin_Page_Job->run((Array:3), NULL)
#19 /Users/Jan/Google Drive/sites/tarmac/site/sites/all/modules/contrib/civicrm/CRM/Core/Invoke.php(86): CRM_Core_Invoke::runItem((Array:13))
#20 /Users/Jan/Google Drive/sites/tarmac/site/sites/all/modules/contrib/civicrm/CRM/Core/Invoke.php(54): CRM_Core_Invoke::_invoke((Array:3))
#21 /Users/Jan/Google Drive/sites/tarmac/site/sites/all/modules/contrib/civicrm/drupal/civicrm.module(489): CRM_Core_Invoke::invoke((Array:3))
#22 [internal function](): civicrm_invoke("admin", "job")
#23 /Users/Jan/Google Drive/sites/tarmac/site/includes/menu.inc(519): call_user_func_array("civicrm_invoke", (Array:2))
#24 /Users/Jan/Google Drive/sites/tarmac/site/index.php(21): menu_execute_active_handler()
#25 {main}


Apr 30 22:02:21  [info] SMTP Socket Error or failed to set sender error. Message: Failed to set sender: b.40.5.0178846acac62f9a@ [SMTP: Invalid response code received from SMTP server while sending email.  This is often caused by a misconfiguration in Outbound Email settings. Please verify the settings at Administer CiviCRM >> Global Settings >> Outbound Email (SMTP). (code: 501, response: #5.1.3 Partial domain not allowed: '')], Code: 10004

Apr 30 22:02:21  [info] Ignoring exception thrown by nullHandler: 10004, Failed to set sender: b.40.6.bf2e4c5e72ccc282@ [SMTP: Invalid response code received from SMTP server while sending email.  This is often caused by a misconfiguration in Outbound Email settings. Please verify the settings at Administer CiviCRM >> Global Settings >> Outbound Email (SMTP). (code: 501, response: #5.1.3 Partial domain not allowed: '')]

Apr 30 22:02:21  [info] $backTrace = #0 /Users/Jan/Google Drive/sites/tarmac/site/sites/all/modules/contrib/civicrm/CRM/Core/Error.php(908): CRM_Core_Error::backtrace("backTrace", TRUE)
#1 [internal function](): CRM_Core_Error::nullHandler(Object(PEAR_Error))
#2 /Users/Jan/Google Drive/sites/tarmac/site/sites/all/modules/contrib/civicrm/packages/PEAR.php(931): call_user_func((Array:2), Object(PEAR_Error))
#3 /Users/Jan/Google Drive/sites/tarmac/site/sites/all/modules/contrib/civicrm/packages/PEAR.php(566): PEAR_Error->PEAR_Error("Failed to set sender: b.40.6.bf2e4c5e72ccc282@ [SMTP: Invalid response code r...", 10004, 16, (Array:2), NULL)
#4 /Users/Jan/Google Drive/sites/tarmac/site/sites/all/modules/contrib/civicrm/packages/Mail/smtp.php(295): PEAR->raiseError("Failed to set sender: b.40.6.bf2e4c5e72ccc282@ [SMTP: Invalid response code r...", 10004)
#5 /Users/Jan/Google Drive/sites/tarmac/site/sites/all/modules/contrib/civicrm/CRM/Mailing/BAO/MailingJob.php(701): Mail_smtp->send("Captain Internet <jan@captaininternet.be>", (Array:11), "--=_00c0fa061f8adb32bcc224df737f2f10\nContent-Transfer-Encoding: 8bit\nConten...", "40")
#6 /Users/Jan/Google Drive/sites/tarmac/site/sites/all/modules/contrib/civicrm/CRM/Mailing/BAO/MailingJob.php(605): CRM_Mailing_BAO_MailingJob->deliverGroup((Array:4), Object(CRM_Mailing_BAO_Mailing), Object(Mail_smtp), "20150430213432", (Array:0))
#7 /Users/Jan/Google Drive/sites/tarmac/site/sites/all/modules/contrib/civicrm/CRM/Mailing/BAO/MailingJob.php(192): CRM_Mailing_BAO_MailingJob->deliver(Object(Mail_smtp), NULL)
#8 /Users/Jan/Google Drive/sites/tarmac/site/sites/all/modules/contrib/civicrm/CRM/Mailing/BAO/Mailing.php(2938): CRM_Mailing_BAO_MailingJob::runJobs(NULL, NULL)
#9 /Users/Jan/Google Drive/sites/tarmac/site/sites/all/modules/contrib/civicrm/api/v3/Job.php(316): CRM_Mailing_BAO_Mailing::processQueue()
#10 /Users/Jan/Google Drive/sites/tarmac/site/sites/all/modules/contrib/civicrm/Civi/API/Provider/MagicFunctionProvider.php(89): civicrm_api3_job_process_mailing((Array:1))
#11 /Users/Jan/Google Drive/sites/tarmac/site/sites/all/modules/contrib/civicrm/Civi/API/Kernel.php(96): Civi\API\Provider\MagicFunctionProvider->invoke((Array:9))
#12 /Users/Jan/Google Drive/sites/tarmac/site/sites/all/modules/contrib/civicrm/api/api.php(23): Civi\API\Kernel->run("Job", "process_mailing", (Array:1), NULL)
#13 /Users/Jan/Google Drive/sites/tarmac/site/sites/all/modules/contrib/civicrm/CRM/Core/JobManager.php(131): civicrm_api("Job", "process_mailing", (Array:1))
#14 /Users/Jan/Google Drive/sites/tarmac/site/sites/all/modules/contrib/civicrm/CRM/Core/JobManager.php(110): CRM_Core_JobManager->executeJob(Object(CRM_Core_ScheduledJob))
#15 /Users/Jan/Google Drive/sites/tarmac/site/sites/all/modules/contrib/civicrm/CRM/Admin/Page/Job.php(155): CRM_Core_JobManager->executeJobById("1")
#16 /Users/Jan/Google Drive/sites/tarmac/site/sites/all/modules/contrib/civicrm/CRM/Core/Page/Basic.php(178): CRM_Admin_Page_Job->browse(NULL, NULL)
#17 /Users/Jan/Google Drive/sites/tarmac/site/sites/all/modules/contrib/civicrm/CRM/Admin/Page/Job.php(140): CRM_Core_Page_Basic->run()
#18 /Users/Jan/Google Drive/sites/tarmac/site/sites/all/modules/contrib/civicrm/CRM/Core/Invoke.php(312): CRM_Admin_Page_Job->run((Array:3), NULL)
#19 /Users/Jan/Google Drive/sites/tarmac/site/sites/all/modules/contrib/civicrm/CRM/Core/Invoke.php(86): CRM_Core_Invoke::runItem((Array:13))
#20 /Users/Jan/Google Drive/sites/tarmac/site/sites/all/modules/contrib/civicrm/CRM/Core/Invoke.php(54): CRM_Core_Invoke::_invoke((Array:3))
#21 /Users/Jan/Google Drive/sites/tarmac/site/sites/all/modules/contrib/civicrm/drupal/civicrm.module(489): CRM_Core_Invoke::invoke((Array:3))
#22 [internal function](): civicrm_invoke("admin", "job")
#23 /Users/Jan/Google Drive/sites/tarmac/site/includes/menu.inc(519): call_user_func_array("civicrm_invoke", (Array:2))
#24 /Users/Jan/Google Drive/sites/tarmac/site/index.php(21): menu_execute_active_handler()
#25 {main}


Apr 30 22:02:21  [info] SMTP Socket Error or failed to set sender error. Message: Failed to set sender: b.40.6.bf2e4c5e72ccc282@ [SMTP: Invalid response code received from SMTP server while sending email.  This is often caused by a misconfiguration in Outbound Email settings. Please verify the settings at Administer CiviCRM >> Global Settings >> Outbound Email (SMTP). (code: 501, response: #5.1.3 Partial domain not allowed: '')], Code: 10004

